#                                                                            --- full sequence --- -------------- this domain -------------   hmm coord   ali coord   env coord
# target name        accession   tlen query name           accession   qlen   E-value  score  bias   #  of  c-Evalue  i-Evalue  score  bias  from    to  from    to  from    to  acc description of target
#------------------- ---------- ----- -------------------- ---------- ----- --------- ------ ----- --- --- --------- --------- ------ ----- ----- ----- ----- ----- ----- ----- ---- ---------------------
AC3300027503___Ga0255182_1000024|AC3300027503___Ga0255182_1000024_64 -            139 1380409at2759        -            141   5.2e-13   42.8   4.0   1   1   3.6e-15   7.8e-13   42.2   4.0     9   104    40   137    36   138 0.88 -
AC3300027503___Ga0255182_1000024|AC3300027503___Ga0255182_1000024_62 -            279 1488436at2759        -             63   1.4e-11   37.8   0.1   1   2       0.4        87   -3.2   0.1     3    13   150   160   148   167 0.73 -
AC3300027503___Ga0255182_1000024|AC3300027503___Ga0255182_1000024_62 -            279 1488436at2759        -             63   1.4e-11   37.8   0.1   2   2   1.8e-13   3.9e-11   36.4   0.0     3    63   202   268   200   268 0.83 -
AC3300027503___Ga0255182_1000024|AC3300027503___Ga0255182_1000024_115 -            178 genomad020215        -            207   0.00078   12.9   0.0   1   1   6.1e-06    0.0013   12.1   0.0    73   138   104   166    97   171 0.86 -
AC3300027503___Ga0255182_1000024|AC3300027503___Ga0255182_1000024_142 -            505 GVOGm0003            -            393  3.4e-140  461.2   0.1   1   1  4.7e-142  5.1e-140  460.6   0.1    82   393    11   504     3   504 0.97 -
AC3300027503___Ga0255182_1000024|AC3300027503___Ga0255182_1000024_191 -            561 GVOGm0003            -            393  3.9e-125  411.6  11.0   1   1    4e-127  4.4e-125  411.4  11.0     1   392     1   559     1   560 0.97 -
AC3300027503___Ga0255182_1000024|AC3300027503___Ga0255182_1000024_77 -            522 GVOGm0013            -            459  4.3e-203  668.8  13.1   1   1  2.4e-205  5.2e-203  668.5  13.1     5   450     1   464     1   494 0.95 -
AC3300027503___Ga0255182_1000024|AC3300027503___Ga0255182_1000024_35 -           1199 GVOGm0022            -           1146         0 1576.3  39.1   1   1         0         0 1574.5  39.1     4  1146    25  1196    22  1196 0.96 -
AC3300027503___Ga0255182_1000024|AC3300027503___Ga0255182_1000024_48 -           1480 GVOGm0022            -           1146         0 1480.9  30.3   1   1         0         0 1480.5  30.3     5  1107     2  1241     1  1305 0.92 -
AC3300027503___Ga0255182_1000024|AC3300027503___Ga0255182_1000024_108 -            361 GVOGm0172            -            320    4e-140  460.0  22.0   1   1  2.1e-142  4.6e-140  459.8  22.0     2   313    16   344    15   355 0.96 -
AC3300027503___Ga0255182_1000024|AC3300027503___Ga0255182_1000024_179 -           1207 GVOGm0461            -           1117         0 1638.6  58.6   1   1         0         0 1633.7  58.6     7  1113    11  1177     6  1181 0.98 -
AC3300027503___Ga0255182_1000024|AC3300027503___Ga0255182_1000024_155 -            281 GVOGm0760            -            255  1.2e-131  431.2   2.3   1   1  6.4e-134  1.4e-131  431.0   2.3     2   249     1   261     1   278 0.94 -
AC3300027503___Ga0255182_1000024|AC3300027503___Ga0255182_1000024_147 -            384 GVOGm0890            -            152   2.2e-51  167.8   5.9   1   2     0.048        10    0.1  10.5    32    89    71   137    44   168 0.55 -
AC3300027503___Ga0255182_1000024|AC3300027503___Ga0255182_1000024_147 -            384 GVOGm0890            -            152   2.2e-51  167.8   5.9   2   2     1e-53   2.2e-51  167.8   5.9     4   152   237   383   227   383 0.96 -
AC3300027503___Ga0255182_1000024|AC3300027503___Ga0255182_1000024_155 -            281 ATPase               -            578   2.4e-85  281.3   2.5   1   1   1.3e-87   2.9e-85  281.1   2.5   204   456     8   256     2   279 0.86 -
AC3300027503___Ga0255182_1000024|AC3300027503___Ga0255182_1000024_142 -            505 gamadvirusMCP        -            553   1.3e-30  100.4   0.0   1   3   1.2e-18   1.3e-16   54.2   0.0    87   352     8   252     3   265 0.79 -
AC3300027503___Ga0255182_1000024|AC3300027503___Ga0255182_1000024_142 -            505 gamadvirusMCP        -            553   1.3e-30  100.4   0.0   2   3     0.098        11   -1.7   0.0   408   421   398   411   365   421 0.86 -
AC3300027503___Ga0255182_1000024|AC3300027503___Ga0255182_1000024_142 -            505 gamadvirusMCP        -            553   1.3e-30  100.4   0.0   3   3   1.5e-14   1.6e-12   40.6   0.0   479   546   432   496   398   502 0.84 -
AC3300027503___Ga0255182_1000024|AC3300027503___Ga0255182_1000024_191 -            561 gamadvirusMCP        -            553   6.8e-20   65.0   0.0   1   2   1.4e-17   1.5e-15   50.7   0.0     9   311    11   325     6   351 0.73 -
AC3300027503___Ga0255182_1000024|AC3300027503___Ga0255182_1000024_191 -            561 gamadvirusMCP        -            553   6.8e-20   65.0   0.0   2   2    0.0007     0.076    5.4   0.0   483   516   464   499   462   541 0.84 -
AC3300027503___Ga0255182_1000024|AC3300027503___Ga0255182_1000024_147 -            384 VLTF3                -            294   4.3e-34  111.7   7.2   1   2      0.13        28   -2.6   0.1   162   162    80    80    31   127 0.56 -
AC3300027503___Ga0255182_1000024|AC3300027503___Ga0255182_1000024_147 -            384 VLTF3                -            294   4.3e-34  111.7   7.2   2   2     2e-36   4.3e-34  111.7   7.2    32   260   171   382   148   383 0.89 -
AC3300027503___Ga0255182_1000024|AC3300027503___Ga0255182_1000024_142 -            505 yaravirusMCP         -            409   1.4e-32  106.9   0.1   1   1   1.3e-33   1.4e-31  103.5   0.1    84   402     7   496     3   499 0.88 -
AC3300027503___Ga0255182_1000024|AC3300027503___Ga0255182_1000024_191 -            561 yaravirusMCP         -            409   3.2e-17   56.3   9.9   1   3   7.3e-16   7.9e-14   45.1   0.3     8   200     6   240     4   256 0.79 -
AC3300027503___Ga0255182_1000024|AC3300027503___Ga0255182_1000024_191 -            561 yaravirusMCP         -            409   3.2e-17   56.3   9.9   2   3     0.025       2.7    0.5   1.3   269   346   258   338   240   340 0.64 -
AC3300027503___Ga0255182_1000024|AC3300027503___Ga0255182_1000024_191 -            561 yaravirusMCP         -            409   3.2e-17   56.3   9.9   3   3   1.1e-06   0.00012   14.9   0.1   339   389   459   512   444   553 0.74 -
AC3300027503___Ga0255182_1000024|AC3300027503___Ga0255182_1000024_35 -           1199 COG0085              -           1038  1.5e-201  664.7   0.1   1   3   4.5e-32     5e-30   95.5   0.0     3   230    35   334    24   338 0.84 -
AC3300027503___Ga0255182_1000024|AC3300027503___Ga0255182_1000024_35 -           1199 COG0085              -           1038  1.5e-201  664.7   0.1   2   3   1.5e-30   1.7e-28   90.5   0.0   287   443   379   560   363   698 0.95 -
AC3300027503___Ga0255182_1000024|AC3300027503___Ga0255182_1000024_35 -           1199 COG0085              -           1038  1.5e-201  664.7   0.1   3   3  4.8e-146  5.2e-144  473.8   0.0   484  1035   711  1197   708  1198 0.98 -
AC3300027503___Ga0255182_1000024|AC3300027503___Ga0255182_1000024_48 -           1480 COG0085              -           1038  7.4e-187  616.0   0.0   1   2   1.2e-46   1.3e-44  144.0   0.0     4   326    12   382     1   382 0.91 -
AC3300027503___Ga0255182_1000024|AC3300027503___Ga0255182_1000024_48 -           1480 COG0085              -           1038  7.4e-187  616.0   0.0   2   2  1.6e-142  1.8e-140  462.1   0.0   384  1036   493  1238   482  1241 0.93 -
AC3300027503___Ga0255182_1000024|AC3300027503___Ga0255182_1000024_51 -            163 COG0092              -            215      0.24    2.4  11.0   1   3     0.033       7.2   -2.5   0.2    89   109     2    18     2    18 0.74 -
AC3300027503___Ga0255182_1000024|AC3300027503___Ga0255182_1000024_51 -            163 COG0092              -            215      0.24    2.4  11.0   2   3   4.3e-06   0.00093   10.4   0.7    81   107    63    88    63    92 0.92 -
AC3300027503___Ga0255182_1000024|AC3300027503___Ga0255182_1000024_51 -            163 COG0092              -            215      0.24    2.4  11.0   3   3      0.02       4.4   -1.8   1.0    97   107    92   104    88   104 0.82 -
AC3300027503___Ga0255182_1000024|AC3300027503___Ga0255182_1000024_121 -            265 COG0164              -            186   9.2e-62  202.3   1.6   1   2   8.3e-31   1.8e-28   92.3   0.1     9    91    49   136    45   139 0.95 -
AC3300027503___Ga0255182_1000024|AC3300027503___Ga0255182_1000024_121 -            265 COG0164              -            186   9.2e-62  202.3   1.6   2   2   3.3e-35   7.1e-33  106.9   0.2    99   183   160   261   152   264 0.84 -
AC3300027503___Ga0255182_1000024|AC3300027503___Ga0255182_1000024_211 -            391 COG0202              -            310   3.5e-05   15.2   0.1   1   2     1e-05    0.0022    9.3   0.0    20    54    26    56    17    57 0.81 -
AC3300027503___Ga0255182_1000024|AC3300027503___Ga0255182_1000024_211 -            391 COG0202              -            310   3.5e-05   15.2   0.1   2   2    0.0005      0.11    3.7   0.1   198   234   249   286   247   304 0.73 -
AC3300027503___Ga0255182_1000024|AC3300027503___Ga0255182_1000024_35 -           1199 OG1023               -           1134         0 1466.2  30.6   1   1         0         0 1465.8  30.6     5  1122    29  1197    27  1198 0.95 -
AC3300027503___Ga0255182_1000024|AC3300027503___Ga0255182_1000024_48 -           1480 OG1023               -           1134         0 1275.6  32.2   1   3   5.9e-97   6.4e-95  312.6   7.2     1   378     1   404     1   416 0.89 -
AC3300027503___Ga0255182_1000024|AC3300027503___Ga0255182_1000024_48 -           1480 OG1023               -           1134         0 1275.6  32.2   2   3   9.3e-77     1e-74  245.7   0.4   368   609   423   670   412   677 0.89 -
AC3300027503___Ga0255182_1000024|AC3300027503___Ga0255182_1000024_48 -           1480 OG1023               -           1134         0 1275.6  32.2   3   3    4e-222  4.4e-220  727.1  10.9   594  1124   695  1239   680  1247 0.93 -
AC3300027503___Ga0255182_1000024|AC3300027503___Ga0255182_1000024_118 -            200 OG103                -            149   9.3e-17   55.1   4.9   1   2      0.57        63   -2.8   0.8    83    94    11    20     3    26 0.41 -
AC3300027503___Ga0255182_1000024|AC3300027503___Ga0255182_1000024_118 -            200 OG103                -            149   9.3e-17   55.1   4.9   2   2   8.5e-19   9.3e-17   55.1   4.9     4    90    33   121    30   166 0.81 -
AC3300027503___Ga0255182_1000024|AC3300027503___Ga0255182_1000024_13  -            148 OG103                -            149   1.2e-15   51.5   3.3   1   1   1.3e-17   1.4e-15   51.2   3.3     3   105     9   114     7   130 0.87 -
AC3300027503___Ga0255182_1000024|AC3300027503___Ga0255182_1000024_155 -            281 OG1082               -            246   2.1e-12   40.9   0.7   1   1   1.8e-14   3.8e-12   40.0   0.7    76   210    88   227     4   240 0.79 -
AC3300027503___Ga0255182_1000024|AC3300027503___Ga0255182_1000024_114 -            292 OG10                 -            282   9.8e-93  304.2  17.0   1   1   1.1e-94   1.2e-92  304.0  17.0     1   279     1   288     1   290 0.93 -
AC3300027503___Ga0255182_1000024|AC3300027503___Ga0255182_1000024_197 -            303 OG10                 -            282   4.7e-11   36.2  35.9   1   1     5e-11   5.4e-09   29.4  35.9     6   279    25   276    22   279 0.79 -
AC3300027503___Ga0255182_1000024|AC3300027503___Ga0255182_1000024_155 -            281 OG11485              -            358   9.1e-35  113.9   0.8   1   1   5.6e-37   1.2e-34  113.5   0.8    65   323     4   264     2   276 0.86 -
AC3300027503___Ga0255182_1000024|AC3300027503___Ga0255182_1000024_16 -           1540 OG1224               -            634   5.2e-31  101.5   7.7   1   3   1.4e-05    0.0031    9.7   0.0    29    79   170   220   155   243 0.78 -
AC3300027503___Ga0255182_1000024|AC3300027503___Ga0255182_1000024_16 -           1540 OG1224               -            634   5.2e-31  101.5   7.7   2   3   6.6e-11   1.4e-08   27.3   0.8   138   256   365   484   352   508 0.78 -
AC3300027503___Ga0255182_1000024|AC3300027503___Ga0255182_1000024_16 -           1540 OG1224               -            634   5.2e-31  101.5   7.7   3   3   1.2e-22   2.6e-20   66.1   0.5   423   546   940  1064   920  1141 0.83 -
AC3300027503___Ga0255182_1000024|AC3300027503___Ga0255182_1000024_77 -            522 OG1228               -            469   1.3e-28   93.6   5.2   1   1   9.1e-31     2e-28   93.0   5.2    38   420    50   411    40   459 0.76 -
AC3300027503___Ga0255182_1000024|AC3300027503___Ga0255182_1000024_126 -             87 OG1230               -            140     0.031    8.1   8.7   1   2   0.00044     0.097    6.5   0.4    45    76    17    48     9    51 0.86 -
AC3300027503___Ga0255182_1000024|AC3300027503___Ga0255182_1000024_126 -             87 OG1230               -            140     0.031    8.1   8.7   2   2    0.0012      0.26    5.1   3.7     8    38    50    80    47    85 0.82 -
AC3300027503___Ga0255182_1000024|AC3300027503___Ga0255182_1000024_15 -            267 OG1235               -            237     3e-09   30.7   5.8   1   2    0.0038      0.82    3.0   0.0    60   103    40    83    37    95 0.76 -
AC3300027503___Ga0255182_1000024|AC3300027503___Ga0255182_1000024_15 -            267 OG1235               -            237     3e-09   30.7   5.8   2   2   9.1e-11     2e-08   27.9   3.4    81   162   105   189    93   237 0.70 -
AC3300027503___Ga0255182_1000024|AC3300027503___Ga0255182_1000024_87 -            325 OG12                 -            321  3.2e-168  552.3  12.4   1   1  1.7e-170  3.7e-168  552.1  12.4     3   321     5   324     3   324 0.99 -
AC3300027503___Ga0255182_1000024|AC3300027503___Ga0255182_1000024_108 -            361 OG13                 -            314  9.8e-139  455.6  19.0   1   1  5.8e-141  1.3e-138  455.3  19.0     3   307    16   344    14   350 0.97 -
AC3300027503___Ga0255182_1000024|AC3300027503___Ga0255182_1000024_43 -             83 OG1461               -             63   0.00028   14.8   0.1   1   2   0.00015     0.032    8.2   0.0     1    20     1    21     1    43 0.71 -
AC3300027503___Ga0255182_1000024|AC3300027503___Ga0255182_1000024_43 -             83 OG1461               -             63   0.00028   14.8   0.1   2   2    0.0013      0.29    5.2   0.0    35    48    66    79    52    82 0.76 -
AC3300027503___Ga0255182_1000024|AC3300027503___Ga0255182_1000024_92 -            211 OG1467               -            218   2.8e-12   40.2   0.1   1   1   1.6e-14   3.6e-12   39.9   0.1    13   202     2   202     1   209 0.80 -
AC3300027503___Ga0255182_1000024|AC3300027503___Ga0255182_1000024_69 -            169 OG1470               -            194   1.3e-05   18.8   6.0   1   2     0.086        19   -1.3   3.2    18    63    41    86    16   121 0.53 -
AC3300027503___Ga0255182_1000024|AC3300027503___Ga0255182_1000024_69 -            169 OG1470               -            194   1.3e-05   18.8   6.0   2   2   6.2e-08   1.3e-05   18.8   6.0   138   181   124   167   107   168 0.85 -
AC3300027503___Ga0255182_1000024|AC3300027503___Ga0255182_1000024_59 -            947 OG14                 -            860         0 1037.4  43.1   1   1         0         0 1037.2  43.1     3   859    12   940    10   941 0.94 -
AC3300027503___Ga0255182_1000024|AC3300027503___Ga0255182_1000024_115 -            178 OG1502               -            123   0.00018   15.7   0.0   1   2   9.8e-06    0.0011   13.2   0.0     5    38    85   118    82   140 0.86 -
AC3300027503___Ga0255182_1000024|AC3300027503___Ga0255182_1000024_115 -            178 OG1502               -            123   0.00018   15.7   0.0   2   2     0.097        11    0.3   0.0    16    48   127   159   124   176 0.71 -
AC3300027503___Ga0255182_1000024|AC3300027503___Ga0255182_1000024_173 -            727 OG1502               -            123    0.0005   14.2   4.7   1   2      0.28        30   -1.2   0.0    61    89   215   243   184   245 0.74 -
AC3300027503___Ga0255182_1000024|AC3300027503___Ga0255182_1000024_173 -            727 OG1502               -            123    0.0005   14.2   4.7   2   2   1.1e-05    0.0012   13.1   2.1     6    77   254   333   252   365 0.76 -
AC3300027503___Ga0255182_1000024|AC3300027503___Ga0255182_1000024_9 -            192 OG1548               -             78   0.00049   14.1   0.2   1   1   3.6e-06    0.0008   13.5   0.2    49    75    31    57     6    60 0.87 -
AC3300027503___Ga0255182_1000024|AC3300027503___Ga0255182_1000024_132 -            190 OG15                 -            182   1.1e-79  260.0  13.5   1   1   6.1e-82   1.3e-79  259.7  13.5     4   182     5   189     3   189 0.95 -
AC3300027503___Ga0255182_1000024|AC3300027503___Ga0255182_1000024_155 -            281 OG1691               -            358   2.7e-31  103.1   1.1   1   2     3e-18   6.4e-16   52.5   0.1    29   100    25    95     6   100 0.93 -
AC3300027503___Ga0255182_1000024|AC3300027503___Ga0255182_1000024_155 -            281 OG1691               -            358   2.7e-31  103.1   1.1   2   2   1.8e-17     4e-15   49.9   0.2   189   346    99   256    94   266 0.80 -
AC3300027503___Ga0255182_1000024|AC3300027503___Ga0255182_1000024_180 -            165 OG16                 -            162   4.7e-72  234.7   2.1   1   1   2.4e-74   5.3e-72  234.5   2.1     2   162     5   164     4   164 0.99 -
AC3300027503___Ga0255182_1000024|AC3300027503___Ga0255182_1000024_214 -            127 OG178                -            126   1.4e-45  148.4   0.3   1   1   1.4e-47   1.6e-45  148.2   0.3     2   122     2   125     1   126 0.95 -
AC3300027503___Ga0255182_1000024|AC3300027503___Ga0255182_1000024_215 -            392 OG178                -            126   1.3e-06   22.4  14.0   1   3   0.00082     0.089    6.8   0.3     6    27     6    27     1    46 0.88 -
AC3300027503___Ga0255182_1000024|AC3300027503___Ga0255182_1000024_215 -            392 OG178                -            126   1.3e-06   22.4  14.0   2   3   1.5e-08   1.6e-06   22.2   2.6    40   116    57   127    37   130 0.79 -
AC3300027503___Ga0255182_1000024|AC3300027503___Ga0255182_1000024_215 -            392 OG178                -            126   1.3e-06   22.4  14.0   3   3      0.12        13   -0.2   0.4    41   100   238   296   214   298 0.60 -
AC3300027503___Ga0255182_1000024|AC3300027503___Ga0255182_1000024_170 -            280 OG1793               -            307     3e-13   43.4   8.0   1   1   1.8e-15   3.8e-13   43.0   8.0    48   290    25   263    12   271 0.82 -
AC3300027503___Ga0255182_1000024|AC3300027503___Ga0255182_1000024_20 -           1581 OG1796               -            858   5.6e-49  160.7  56.9   1   6      0.14        31   -3.8   2.4     4    42    58    91    23   132 0.54 -
AC3300027503___Ga0255182_1000024|AC3300027503___Ga0255182_1000024_20 -           1581 OG1796               -            858   5.6e-49  160.7  56.9   2   6     0.018       3.9   -0.9   0.2    10    43   420   459   409   470 0.69 -
AC3300027503___Ga0255182_1000024|AC3300027503___Ga0255182_1000024_20 -           1581 OG1796               -            858   5.6e-49  160.7  56.9   3   6   4.7e-14     1e-11   37.4  14.9    86   390   537   866   494   872 0.67 -
AC3300027503___Ga0255182_1000024|AC3300027503___Ga0255182_1000024_20 -           1581 OG1796               -            858   5.6e-49  160.7  56.9   4   6   1.2e-07   2.6e-05   16.3   2.2   367   432   877   960   871   995 0.68 -
AC3300027503___Ga0255182_1000024|AC3300027503___Ga0255182_1000024_20 -           1581 OG1796               -            858   5.6e-49  160.7  56.9   5   6   1.8e-22     4e-20   65.3   0.4   506   646  1069  1224  1058  1255 0.79 -
AC3300027503___Ga0255182_1000024|AC3300027503___Ga0255182_1000024_20 -           1581 OG1796               -            858   5.6e-49  160.7  56.9   6   6     3e-23   6.5e-21   67.9   2.7   688   817  1295  1426  1278  1433 0.89 -
AC3300027503___Ga0255182_1000024|AC3300027503___Ga0255182_1000024_145 -            374 OG179                -            147   4.1e-09   30.4   0.0   1   2   1.9e-11   4.1e-09   30.4   0.0    16   126    20   135    12   145 0.79 -
AC3300027503___Ga0255182_1000024|AC3300027503___Ga0255182_1000024_145 -            374 OG179                -            147   4.1e-09   30.4   0.0   2   2     0.068        15   -0.6   1.6    20    54   182   215   168   223 0.63 -
AC3300027503___Ga0255182_1000024|AC3300027503___Ga0255182_1000024_77 -            522 OG19490              -            629   1.4e-23   76.9   7.7   1   2   1.9e-08   4.1e-06   19.2   0.0   192   287   107   194    98   196 0.91 -
AC3300027503___Ga0255182_1000024|AC3300027503___Ga0255182_1000024_77 -            522 OG19490              -            629   1.4e-23   76.9   7.7   2   2   5.6e-21   1.2e-18   60.6   4.2   336   599   192   448   190   486 0.80 -
AC3300027503___Ga0255182_1000024|AC3300027503___Ga0255182_1000024_69 -            169 OG19492              -            216   9.2e-11   35.6   5.1   1   1   5.9e-13   1.3e-10   35.1   5.1    70   214    31   167     6   168 0.71 -
AC3300027503___Ga0255182_1000024|AC3300027503___Ga0255182_1000024_59  -            947 OG1953               -            981   7.2e-97  319.0  38.6   1   1   6.1e-97   6.7e-95  312.5  38.6    17   905     5   906     1   924 0.80 -
AC3300027503___Ga0255182_1000024|AC3300027503___Ga0255182_1000024_106 -             92 OG1953               -            981    0.0012   10.4   0.0   1   1   1.3e-05    0.0014   10.1   0.0    46    84    33    71    27    77 0.90 -
AC3300027503___Ga0255182_1000024|AC3300027503___Ga0255182_1000024_69  -            169 OG19                 -            167     7e-70  228.4  15.9   1   1   7.2e-72   7.8e-70  228.3  15.9     2   167     3   168     2   168 0.98 -
AC3300027503___Ga0255182_1000024|AC3300027503___Ga0255182_1000024_216 -            252 OG19                 -            167     0.019    9.0   8.4   1   3      0.25        27   -1.2   0.1    22    44    74    96    54   145 0.62 -
AC3300027503___Ga0255182_1000024|AC3300027503___Ga0255182_1000024_216 -            252 OG19                 -            167     0.019    9.0   8.4   2   3     0.062       6.8    0.7   0.5    24    82   109   168    95   191 0.66 -
AC3300027503___Ga0255182_1000024|AC3300027503___Ga0255182_1000024_216 -            252 OG19                 -            167     0.019    9.0   8.4   3   3   2.3e-05    0.0025   11.9   1.3    69   127   187   245   181   248 0.90 -
AC3300027503___Ga0255182_1000024|AC3300027503___Ga0255182_1000024_147 -            384 OG1                  -            341  2.7e-134  441.4  55.2   1   1  1.4e-135    3e-133  437.9  55.2     3   341    12   383    10   383 0.97 -
AC3300027503___Ga0255182_1000024|AC3300027503___Ga0255182_1000024_16 -           1540 OG2056               -           1125   2.2e-64  211.4  68.7   1   3   8.6e-40   1.9e-37  122.2  18.4     3   342   127   476   125   496 0.76 -
AC3300027503___Ga0255182_1000024|AC3300027503___Ga0255182_1000024_16 -           1540 OG2056               -           1125   2.2e-64  211.4  68.7   2   3   1.9e-34   4.2e-32  104.4   2.8   433   688   825  1079   815  1091 0.85 -
AC3300027503___Ga0255182_1000024|AC3300027503___Ga0255182_1000024_16 -           1540 OG2056               -           1125   2.2e-64  211.4  68.7   3   3         1   2.2e+02  -10.3  31.8   714  1103  1140  1501  1104  1524 0.52 -
AC3300027503___Ga0255182_1000024|AC3300027503___Ga0255182_1000024_170 -            280 OG20                 -            262  5.3e-117  383.5   7.9   1   1  2.7e-119    6e-117  383.3   7.9     3   260    15   278    13   279 0.97 -
AC3300027503___Ga0255182_1000024|AC3300027503___Ga0255182_1000024_78 -            152 OG2104               -             98     0.006   10.2   6.1   1   2      0.11        25   -1.4   0.2    78    88    18    27    10    32 0.53 -
AC3300027503___Ga0255182_1000024|AC3300027503___Ga0255182_1000024_78 -            152 OG2104               -             98     0.006   10.2   6.1   2   2   3.9e-06   0.00086   12.9   1.7    21    52    31    62    29    87 0.82 -
AC3300027503___Ga0255182_1000024|AC3300027503___Ga0255182_1000024_85 -            435 OG2178               -            404   0.00069   12.7  67.5   1   3   1.3e-06   0.00028   14.0   9.9   179   276    21   117    13   125 0.75 -
AC3300027503___Ga0255182_1000024|AC3300027503___Ga0255182_1000024_85 -            435 OG2178               -            404   0.00069   12.7  67.5   2   3   1.1e-05    0.0024   10.9  36.4   189   398   122   328   110   331 0.89 -
AC3300027503___Ga0255182_1000024|AC3300027503___Ga0255182_1000024_85 -            435 OG2178               -            404   0.00069   12.7  67.5   3   3     0.016       3.5    0.5  24.8   206   386   220   381   218   433 0.54 -
AC3300027503___Ga0255182_1000024|AC3300027503___Ga0255182_1000024_217 -            245 OG21                 -            202     6e-55  179.7  25.5   1   3   1.4e-31   7.5e-30   97.8   7.0     2    84     2    85     1   100 0.89 -
AC3300027503___Ga0255182_1000024|AC3300027503___Ga0255182_1000024_217 -            245 OG21                 -            202     6e-55  179.7  25.5   2   3     4e-15   2.2e-13   44.0   2.0    83   136   107   161    94   171 0.81 -
AC3300027503___Ga0255182_1000024|AC3300027503___Ga0255182_1000024_217 -            245 OG21                 -            202     6e-55  179.7  25.5   3   3   8.3e-17   4.5e-15   49.5   2.1   134   182   173   220   164   243 0.89 -
AC3300027503___Ga0255182_1000024|AC3300027503___Ga0255182_1000024_196 -             78 OG21                 -            202   5.2e-05   16.7   1.2   1   1   1.1e-06   5.8e-05   16.5   1.2    46    86    21    61    18    73 0.77 -
AC3300027503___Ga0255182_1000024|AC3300027503___Ga0255182_1000024_82  -            212 OG21                 -            202   5.4e-05   16.6   2.7   1   1   1.6e-06   8.9e-05   15.9   2.7    49    99     8    56     6    60 0.74 -
AC3300027503___Ga0255182_1000024|AC3300027503___Ga0255182_1000024_117 -            113 OG21                 -            202       6.8   -0.0  16.8   1   2    0.0017     0.094    6.0   8.5    35    84    23    68     3    89 0.47 -
AC3300027503___Ga0255182_1000024|AC3300027503___Ga0255182_1000024_117 -            113 OG21                 -            202       6.8   -0.0  16.8   2   2      0.33        18   -1.4   2.6    29    51    83   105    72   112 0.49 -
AC3300027503___Ga0255182_1000024|AC3300027503___Ga0255182_1000024_127 -            469 OG22                 -            353  2.7e-120  395.5  29.2   1   1  4.3e-119  9.5e-117  383.8  29.2     4   352    34   447    31   448 0.84 -
AC3300027503___Ga0255182_1000024|AC3300027503___Ga0255182_1000024_13  -            148 OG23                 -            143   2.1e-62  203.0   9.5   1   1   2.2e-64   2.4e-62  202.9   9.5     3   143     7   147     5   147 0.99 -
AC3300027503___Ga0255182_1000024|AC3300027503___Ga0255182_1000024_118 -            200 OG23                 -            143   1.4e-32  106.4   4.4   1   2      0.58        63   -2.7   1.0    80    90     8    18     3    26 0.51 -
AC3300027503___Ga0255182_1000024|AC3300027503___Ga0255182_1000024_118 -            200 OG23                 -            143   1.4e-32  106.4   4.4   2   2   1.3e-34   1.4e-32  106.4   4.4     5   120    32   149    28   156 0.89 -
AC3300027503___Ga0255182_1000024|AC3300027503___Ga0255182_1000024_16 -           1540 OG24                 -           1056         0 1181.9  90.6   1   4   2.4e-89   5.2e-87  286.9  11.5     7   219   108   323    98   330 0.90 -
AC3300027503___Ga0255182_1000024|AC3300027503___Ga0255182_1000024_16 -           1540 OG24                 -           1056         0 1181.9  90.6   2   4   1.6e-77   3.5e-75  247.7  11.1   205   420   346   600   335   627 0.88 -
AC3300027503___Ga0255182_1000024|AC3300027503___Ga0255182_1000024_16 -           1540 OG24                 -           1056         0 1181.9  90.6   3   4     0.046       9.9   -2.1   3.1   821   957   598   737   590   781 0.55 -
AC3300027503___Ga0255182_1000024|AC3300027503___Ga0255182_1000024_16 -           1540 OG24                 -           1056         0 1181.9  90.6   4   4  3.6e-203  7.9e-201  663.7  44.9   403  1054   785  1533   748  1535 0.86 -
AC3300027503___Ga0255182_1000024|AC3300027503___Ga0255182_1000024_154 -            220 OG255                -            256   0.00078   12.8  10.1   1   3     0.063        14   -1.2   0.0    14    31     1    18     1    43 0.76 -
AC3300027503___Ga0255182_1000024|AC3300027503___Ga0255182_1000024_154 -            220 OG255                -            256   0.00078   12.8  10.1   2   3   1.1e-06   0.00025   14.4   5.4    39   131    44   139    23   170 0.76 -
AC3300027503___Ga0255182_1000024|AC3300027503___Ga0255182_1000024_154 -            220 OG255                -            256   0.00078   12.8  10.1   3   3     0.035       7.6   -0.3   0.0   214   223   185   194   175   200 0.87 -
AC3300027503___Ga0255182_1000024|AC3300027503___Ga0255182_1000024_112 -            197 OG25                 -            146   1.8e-60  197.0  10.8   1   1   4.3e-62   9.4e-60  194.7  10.8     2   145    14   192    13   193 0.99 -
AC3300027503___Ga0255182_1000024|AC3300027503___Ga0255182_1000024_15 -            267 OG27                 -            263  2.6e-110  361.8  19.6   1   1  1.3e-112  2.9e-110  361.7  19.6     2   262     2   265     1   266 0.97 -
AC3300027503___Ga0255182_1000024|AC3300027503___Ga0255182_1000024_49 -            220 OG29                 -            200   2.2e-77  253.2  20.0   1   1   3.2e-79   6.9e-77  251.6  20.0     4   200    10   219     7   219 0.95 -
AC3300027503___Ga0255182_1000024|AC3300027503___Ga0255182_1000024_142 -            505 OG2                  -            375  6.2e-129  423.6   9.0   1   4   5.7e-26   6.2e-24   78.1   0.2    80   143    11    74     5    85 0.92 -
AC3300027503___Ga0255182_1000024|AC3300027503___Ga0255182_1000024_142 -            505 OG2                  -            375  6.2e-129  423.6   9.0   2   4   3.6e-24   3.9e-22   72.2   0.1   144   193   105   155    94   167 0.87 -
AC3300027503___Ga0255182_1000024|AC3300027503___Ga0255182_1000024_142 -            505 OG2                  -            375  6.2e-129  423.6   9.0   3   4   1.6e-36   1.7e-34  112.8   0.0   191   267   176   252   165   277 0.89 -
AC3300027503___Ga0255182_1000024|AC3300027503___Ga0255182_1000024_142 -            505 OG2                  -            375  6.2e-129  423.6   9.0   4   4   4.3e-52   4.7e-50  164.0   0.1   259   375   382   502   365   502 0.91 -
AC3300027503___Ga0255182_1000024|AC3300027503___Ga0255182_1000024_191 -            561 OG2                  -            375   6.4e-58  189.9  15.7   1   4   1.8e-23     2e-21   69.8   0.0     1    80     2    85     2    96 0.92 -
AC3300027503___Ga0255182_1000024|AC3300027503___Ga0255182_1000024_191 -            561 OG2                  -            375   6.4e-58  189.9  15.7   2   4   4.9e-20   5.3e-18   58.5   1.3    82   191   107   246    98   265 0.93 -
AC3300027503___Ga0255182_1000024|AC3300027503___Ga0255182_1000024_191 -            561 OG2                  -            375   6.4e-58  189.9  15.7   3   4   4.4e-22   4.8e-20   65.3   0.4   192   346   285   500   273   512 0.93 -
AC3300027503___Ga0255182_1000024|AC3300027503___Ga0255182_1000024_191 -            561 OG2                  -            375   6.4e-58  189.9  15.7   4   4      0.32        35   -3.4   0.3   353   368   527   542   523   549 0.79 -
AC3300027503___Ga0255182_1000024|AC3300027503___Ga0255182_1000024_20 -           1581 OG32                 -            959         0 1151.5  46.5   1   2       0.3        65   -5.0   2.6    74   576    49    90    22   104 0.41 -
AC3300027503___Ga0255182_1000024|AC3300027503___Ga0255182_1000024_20 -           1581 OG32                 -            959         0 1151.5  46.5   2   2         0         0 1151.5  46.5    17   952   417  1458   403  1464 0.92 -
AC3300027503___Ga0255182_1000024|AC3300027503___Ga0255182_1000024_16 -           1540 OG35                 -            935   8.3e-77  252.8  31.0   1   2     1e-33   2.2e-31  102.5  23.5    56   335   131   436    60   506 0.65 -
AC3300027503___Ga0255182_1000024|AC3300027503___Ga0255182_1000024_16 -           1540 OG35                 -            935   8.3e-77  252.8  31.0   2   2     2e-48   4.3e-46  151.1   0.8   587   860   824  1083   806  1094 0.79 -
AC3300027503___Ga0255182_1000024|AC3300027503___Ga0255182_1000024_152 -            314 OG36                 -            272  3.2e-125  410.8  18.8   1   1  1.8e-127  3.9e-125  410.5  18.8     3   270    20   298    18   300 0.99 -
AC3300027503___Ga0255182_1000024|AC3300027503___Ga0255182_1000024_115 -            178 OG37                 -            124   2.1e-37  121.8   6.8   1   1   1.2e-38   2.6e-36  118.3   6.8     5   123    39   177    27   177 0.79 -
AC3300027503___Ga0255182_1000024|AC3300027503___Ga0255182_1000024_211 -            391 OG38                 -            364  1.3e-143  471.8  18.5   1   1  7.5e-146  1.6e-143  471.5  18.5    10   363    28   386    22   387 0.98 -
AC3300027503___Ga0255182_1000024|AC3300027503___Ga0255182_1000024_61 -            122 OG39                 -            116   2.5e-47  154.0  17.3   1   1   1.3e-49   2.8e-47  153.8  17.3     1   115     1   119     1   120 0.97 -
AC3300027503___Ga0255182_1000024|AC3300027503___Ga0255182_1000024_35 -           1199 OG3                  -           1099         0 1646.1  35.4   1   1         0         0 1645.9  35.4     4  1097    28  1155    25  1158 0.96 -
AC3300027503___Ga0255182_1000024|AC3300027503___Ga0255182_1000024_48 -           1480 OG3                  -           1099         0 1504.3  36.6   1   3  5.1e-147  5.5e-145  478.3  10.4     3   402     3   410     1   419 0.94 -
AC3300027503___Ga0255182_1000024|AC3300027503___Ga0255182_1000024_48 -           1480 OG3                  -           1099         0 1504.3  36.6   2   3     6e-96   6.5e-94  309.2   0.7   384   637   421   675   411   686 0.96 -
AC3300027503___Ga0255182_1000024|AC3300027503___Ga0255182_1000024_48 -           1480 OG3                  -           1099         0 1504.3  36.6   3   3  2.6e-222  2.8e-220  727.7  11.2   622  1099   700  1178   680  1178 0.95 -
AC3300027503___Ga0255182_1000024|AC3300027503___Ga0255182_1000024_163 -            195 OG41                 -            163   1.6e-76  249.6   8.8   1   1   8.4e-79   1.8e-76  249.4   8.8     1   160     2   163     2   169 0.98 -
AC3300027503___Ga0255182_1000024|AC3300027503___Ga0255182_1000024_159 -            308 OG42                 -            248  6.4e-102  333.9  16.2   1   1  3.8e-104  8.3e-102  333.5  16.2     2   232     4   266     3   292 0.90 -
AC3300027503___Ga0255182_1000024|AC3300027503___Ga0255182_1000024_152 -            314 OG430                -            194   4.9e-38  124.7  11.2   1   3     8e-09   1.8e-06   21.7   0.0     2    30    29    56    28    61 0.88 -
AC3300027503___Ga0255182_1000024|AC3300027503___Ga0255182_1000024_152 -            314 OG430                -            194   4.9e-38  124.7  11.2   2   3     0.067        15   -0.9   0.3   106   138   101   134    95   144 0.57 -
AC3300027503___Ga0255182_1000024|AC3300027503___Ga0255182_1000024_152 -            314 OG430                -            194   4.9e-38  124.7  11.2   3   3   5.5e-35   1.2e-32  107.1   3.8    29   137   142   250   135   275 0.93 -
AC3300027503___Ga0255182_1000024|AC3300027503___Ga0255182_1000024_39 -            994 OG43                 -            955         0 1190.3  55.2   1   1         0         0 1190.0  55.2     1   950     1   990     1   992 0.94 -
AC3300027503___Ga0255182_1000024|AC3300027503___Ga0255182_1000024_9  -            192 OG43                 -            955   4.4e-05   15.7   1.1   1   1   5.1e-07   5.6e-05   15.4   1.1   863   934   124   188   111   191 0.77 -
AC3300027503___Ga0255182_1000024|AC3300027503___Ga0255182_1000024_20 -           1581 OG445                -            296   3.5e-25   82.3   5.6   1   3   1.4e-13   3.1e-11   36.5   0.4    25   127   707   822   684   846 0.79 -
AC3300027503___Ga0255182_1000024|AC3300027503___Ga0255182_1000024_20 -           1581 OG445                -            296   3.5e-25   82.3   5.6   2   3   6.7e-12   1.5e-09   31.0   0.5   108   251   834   996   825  1008 0.73 -
AC3300027503___Ga0255182_1000024|AC3300027503___Ga0255182_1000024_20 -           1581 OG445                -            296   3.5e-25   82.3   5.6   3   3   7.5e-07   0.00016   14.5   0.0   234   267  1065  1101  1050  1105 0.81 -
AC3300027503___Ga0255182_1000024|AC3300027503___Ga0255182_1000024_16 -           1540 OG448                -            970   1.5e-94  311.5  63.2   1   6   2.4e-27   5.3e-25   81.3   5.6    10   161   126   308   125   338 0.70 -
AC3300027503___Ga0255182_1000024|AC3300027503___Ga0255182_1000024_16 -           1540 OG448                -            970   1.5e-94  311.5  63.2   2   6   3.1e-25   6.8e-23   74.3   9.9   121   276   311   465   301   470 0.80 -
AC3300027503___Ga0255182_1000024|AC3300027503___Ga0255182_1000024_16 -           1540 OG448                -            970   1.5e-94  311.5  63.2   3   6   2.5e-08   5.4e-06   18.4   0.3   373   428   832   891   813   898 0.84 -
AC3300027503___Ga0255182_1000024|AC3300027503___Ga0255182_1000024_16 -           1540 OG448                -            970   1.5e-94  311.5  63.2   4   6   3.2e-39     7e-37  120.6   0.1   433   576   920  1063   909  1072 0.90 -
AC3300027503___Ga0255182_1000024|AC3300027503___Ga0255182_1000024_16 -           1540 OG448                -            970   1.5e-94  311.5  63.2   5   6   8.9e-12   1.9e-09   29.8  11.0   577   712  1091  1229  1089  1285 0.74 -
AC3300027503___Ga0255182_1000024|AC3300027503___Ga0255182_1000024_16 -           1540 OG448                -            970   1.5e-94  311.5  63.2   6   6   0.00055      0.12    4.0   9.9   749   915  1327  1494  1298  1521 0.76 -
AC3300027503___Ga0255182_1000024|AC3300027503___Ga0255182_1000024_151 -             86 OG46                 -             84   1.8e-42  137.3   1.1   1   1   8.7e-45   1.9e-42  137.2   1.1     4    83     4    83     1    84 0.97 -
AC3300027503___Ga0255182_1000024|AC3300027503___Ga0255182_1000024_128 -            175 OG484                -            220   3.1e-09   30.4  15.2   1   1   1.9e-11   4.2e-09   30.0  15.1    84   205    33   153     8   168 0.83 -
AC3300027503___Ga0255182_1000024|AC3300027503___Ga0255182_1000024_43 -             83 OG48                 -             73     3e-34  111.5   4.6   1   1   2.2e-35   4.9e-33  107.6   4.6     1    72     1    81     1    82 0.89 -
AC3300027503___Ga0255182_1000024|AC3300027503___Ga0255182_1000024_162 -            615 OG49                 -            570  7.5e-220  725.1  31.7   1   2   4.5e-09   9.8e-07   21.5   0.2     1    37     1    39     1    52 0.68 -
AC3300027503___Ga0255182_1000024|AC3300027503___Ga0255182_1000024_162 -            615 OG49                 -            570  7.5e-220  725.1  31.7   2   2  4.8e-216  1.1e-213  704.8  29.7    20   569    47   613    39   614 0.95 -
AC3300027503___Ga0255182_1000024|AC3300027503___Ga0255182_1000024_62 -            279 OG50                 -            120   4.3e-52  169.2   0.2   1   3      0.26        56   -2.2   0.2    39    45    21    27     3    62 0.55 -
AC3300027503___Ga0255182_1000024|AC3300027503___Ga0255182_1000024_62 -            279 OG50                 -            120   4.3e-52  169.2   0.2   2   3      0.07        15   -0.4   1.7    22    53   127   157    73   160 0.64 -
AC3300027503___Ga0255182_1000024|AC3300027503___Ga0255182_1000024_62 -            279 OG50                 -            120   4.3e-52  169.2   0.2   3   3     2e-54   4.3e-52  169.2   0.2     3   120   159   276   155   276 0.98 -
AC3300027503___Ga0255182_1000024|AC3300027503___Ga0255182_1000024_195 -            470 OG53                 -            431  1.7e-195  643.7  30.9   1   1  1.1e-197  2.5e-195  643.2  30.9     2   429    12   444     6   463 0.98 -
AC3300027503___Ga0255182_1000024|AC3300027503___Ga0255182_1000024_152 -            314 OG545                -            268     1e-13   45.0   4.9   1   2   8.8e-05     0.019    8.1   0.0    47    77    29    59    14    62 0.79 -
AC3300027503___Ga0255182_1000024|AC3300027503___Ga0255182_1000024_152 -            314 OG545                -            268     1e-13   45.0   4.9   2   2   6.7e-14   1.5e-11   38.0   1.4    82   178   148   241   136   254 0.80 -
AC3300027503___Ga0255182_1000024|AC3300027503___Ga0255182_1000024_17 -            194 OG54                 -            172   1.1e-68  224.2   4.3   1   1     7e-71   1.5e-68  223.8   4.3     3   164    13   176    10   184 0.96 -
AC3300027503___Ga0255182_1000024|AC3300027503___Ga0255182_1000024_21 -            356 OG57                 -            383   1.6e-88  291.1  64.4   1   1   1.4e-88     3e-86  283.6  64.4     1   382     3   348     3   349 0.92 -
AC3300027503___Ga0255182_1000024|AC3300027503___Ga0255182_1000024_115 -            178 OG589                -            169   4.5e-06   20.2   0.0   1   1   6.3e-08   6.8e-06   19.6   0.0    25   118    78   176    66   177 0.79 -
AC3300027503___Ga0255182_1000024|AC3300027503___Ga0255182_1000024_212 -            214 OG589                -            169    0.0088    9.5   6.2   1   2   2.1e-05    0.0023   11.4   3.0    30    67     1    39     1    96 0.71 -
AC3300027503___Ga0255182_1000024|AC3300027503___Ga0255182_1000024_212 -            214 OG589                -            169    0.0088    9.5   6.2   2   2      0.94     1e+02   -3.7   0.1   133   134   190   191   173   208 0.49 -
AC3300027503___Ga0255182_1000024|AC3300027503___Ga0255182_1000024_6 -            286 OG59                 -            266  3.5e-111  364.5  14.5   1   1  5.3e-113  3.8e-111  364.4  14.5     7   264     7   276     1   278 0.95 -
AC3300027503___Ga0255182_1000024|AC3300027503___Ga0255182_1000024_7 -            254 OG59                 -            266   5.5e-40  131.1   3.1   1   1   4.5e-41   3.3e-39  128.6   3.1    35   245     6   230     1   239 0.80 -
AC3300027503___Ga0255182_1000024|AC3300027503___Ga0255182_1000024_8 -            673 OG59                 -            266   1.6e-15   50.9  13.7   1   5      0.34        25   -2.2   1.9    25    46     9    30     1    68 0.49 -
AC3300027503___Ga0255182_1000024|AC3300027503___Ga0255182_1000024_8 -            673 OG59                 -            266   1.6e-15   50.9  13.7   2   5      0.45        33   -2.6   0.3    39    79   139   179   109   193 0.62 -
AC3300027503___Ga0255182_1000024|AC3300027503___Ga0255182_1000024_8 -            673 OG59                 -            266   1.6e-15   50.9  13.7   3   5    0.0073      0.53    3.3   4.2    13    59   278   321   263   338 0.61 -
AC3300027503___Ga0255182_1000024|AC3300027503___Ga0255182_1000024_8 -            673 OG59                 -            266   1.6e-15   50.9  13.7   4   5     0.076       5.5   -0.0   2.2    15    44   356   385   343   401 0.61 -
AC3300027503___Ga0255182_1000024|AC3300027503___Ga0255182_1000024_8 -            673 OG59                 -            266   1.6e-15   50.9  13.7   5   5   2.2e-17   1.6e-15   50.9  13.7    29   249   438   660   427   670 0.72 -
AC3300027503___Ga0255182_1000024|AC3300027503___Ga0255182_1000024_179 -           1207 OG5                  -           1112         0 1664.7  58.4   1   2         0         0 1466.7  30.1     9   937    11   950     3   964 0.95 -
AC3300027503___Ga0255182_1000024|AC3300027503___Ga0255182_1000024_179 -           1207 OG5                  -           1112         0 1664.7  58.4   2   2   5.5e-64   1.2e-61  202.4  22.1   903  1107   966  1177   953  1183 0.96 -
AC3300027503___Ga0255182_1000024|AC3300027503___Ga0255182_1000024_156 -            600 OG60                 -            516  2.2e-204  674.0  57.2   1   2   3.4e-72   7.4e-70  230.1  27.6     2   262     2   305     1   320 0.89 -
AC3300027503___Ga0255182_1000024|AC3300027503___Ga0255182_1000024_156 -            600 OG60                 -            516  2.2e-204  674.0  57.2   2   2  3.2e-138  6.9e-136  448.0  25.3   234   515   313   594   297   595 0.90 -
AC3300027503___Ga0255182_1000024|AC3300027503___Ga0255182_1000024_162 -            615 OG636                -            384   1.4e-12   41.2   1.4   1   1   1.9e-14   4.2e-12   39.7   1.4    60   188   164   307   119   325 0.76 -
AC3300027503___Ga0255182_1000024|AC3300027503___Ga0255182_1000024_118 -            200 OG63                 -            175   4.2e-79  258.6   9.9   1   1   3.8e-81   4.2e-79  258.6   9.9     2   174    21   198    16   199 0.96 -
AC3300027503___Ga0255182_1000024|AC3300027503___Ga0255182_1000024_13  -            148 OG63                 -            175   8.6e-28   91.5   2.3   1   1   9.7e-30   1.1e-27   91.2   2.3    11   127     7   118     2   131 0.85 -
AC3300027503___Ga0255182_1000024|AC3300027503___Ga0255182_1000024_82 -            212 OG64                 -            181   4.1e-63  206.7  15.8   1   2   1.8e-12     4e-10   34.0   4.8     1    50     1    49     1    61 0.76 -
AC3300027503___Ga0255182_1000024|AC3300027503___Ga0255182_1000024_82 -            212 OG64                 -            181   4.1e-63  206.7  15.8   2   2     1e-56   2.2e-54  178.2   4.4    46   181    66   211    49   211 0.92 -
AC3300027503___Ga0255182_1000024|AC3300027503___Ga0255182_1000024_142 -            505 OG651                -            446   1.4e-21   70.3   0.0   1   4   8.5e-06   0.00093   11.6   0.0   102   152    20    70    11    87 0.84 -
AC3300027503___Ga0255182_1000024|AC3300027503___Ga0255182_1000024_142 -            505 OG651                -            446   1.4e-21   70.3   0.0   2   4     0.037         4   -0.4   0.0   167   181   104   118    90   120 0.83 -
AC3300027503___Ga0255182_1000024|AC3300027503___Ga0255182_1000024_142 -            505 OG651                -            446   1.4e-21   70.3   0.0   3   4   0.00086     0.094    5.0   0.0   228   294   182   246   176   260 0.82 -
AC3300027503___Ga0255182_1000024|AC3300027503___Ga0255182_1000024_142 -            505 OG651                -            446   1.4e-21   70.3   0.0   4   4   5.9e-17   6.5e-15   48.3   0.0   337   441   395   497   361   502 0.81 -
AC3300027503___Ga0255182_1000024|AC3300027503___Ga0255182_1000024_191 -            561 OG651                -            446   5.6e-08   25.5   5.8   1   4   3.8e-08   4.1e-06   19.3   0.0    18    94    12    83     2    94 0.83 -
AC3300027503___Ga0255182_1000024|AC3300027503___Ga0255182_1000024_191 -            561 OG651                -            446   5.6e-08   25.5   5.8   2   4      0.25        27   -3.2   0.0   100   125   112   137   109   142 0.83 -
AC3300027503___Ga0255182_1000024|AC3300027503___Ga0255182_1000024_191 -            561 OG651                -            446   5.6e-08   25.5   5.8   3   4     0.019         2    0.6   0.9   197   236   216   256   210   374 0.79 -
AC3300027503___Ga0255182_1000024|AC3300027503___Ga0255182_1000024_191 -            561 OG651                -            446   5.6e-08   25.5   5.8   4   4   0.00075     0.082    5.2   0.0   371   405   457   491   417   501 0.66 -
AC3300027503___Ga0255182_1000024|AC3300027503___Ga0255182_1000024_138 -            236 OG67                 -            214   1.3e-84  276.7  16.6   1   1   1.3e-85   2.8e-83  272.4  16.6     3   211     4   234     2   235 0.90 -
AC3300027503___Ga0255182_1000024|AC3300027503___Ga0255182_1000024_121 -            265 OG69                 -            209   9.3e-87  283.7   5.5   1   1   2.1e-88   4.5e-86  281.5   4.7     6   206    43   263    35   264 0.87 -
AC3300027503___Ga0255182_1000024|AC3300027503___Ga0255182_1000024_155 -            281 OG6                  -            272  8.7e-138  451.6   1.7   1   1  4.8e-140    1e-137  451.3   1.7     1   271     1   277     1   278 0.97 -
AC3300027503___Ga0255182_1000024|AC3300027503___Ga0255182_1000024_212 -            214 OG701                -            137    0.0028   11.5   4.0   1   1   0.00025     0.054    7.4   4.0    32    73    46    89     1   109 0.58 -
AC3300027503___Ga0255182_1000024|AC3300027503___Ga0255182_1000024_182 -            445 OG72                 -            424  1.9e-179  590.5  73.5   1   1    2e-181  2.2e-179  590.3  73.5     1   423     1   435     1   436 0.97 -
AC3300027503___Ga0255182_1000024|AC3300027503___Ga0255182_1000024_91  -            367 OG72                 -            424   5.6e-46  150.8  43.3   1   1   6.3e-48   6.9e-46  150.5  43.3     4   369     9   347     6   357 0.87 -
AC3300027503___Ga0255182_1000024|AC3300027503___Ga0255182_1000024_212 -            214 OG73                 -            190   6.7e-68  222.0   9.4   1   1   8.3e-69   1.8e-66  217.3   9.4     1   185     1   203     1   208 0.80 -
AC3300027503___Ga0255182_1000024|AC3300027503___Ga0255182_1000024_191 -            561 OG74                 -            517  4.1e-230  758.5  12.9   1   1  4.3e-232  4.7e-230  758.3  12.9     1   516     1   559     1   560 0.98 -
AC3300027503___Ga0255182_1000024|AC3300027503___Ga0255182_1000024_142 -            505 OG74                 -            517   2.4e-78  257.8   0.1   1   2   3.9e-54   4.2e-52  171.2   0.0    96   338    11   246     4   253 0.83 -
AC3300027503___Ga0255182_1000024|AC3300027503___Ga0255182_1000024_142 -            505 OG74                 -            517   2.4e-78  257.8   0.1   2   2   7.7e-28   8.4e-26   84.4   0.0   390   517   399   504   391   504 0.93 -
AC3300027503___Ga0255182_1000024|AC3300027503___Ga0255182_1000024_199 -             82 OG75                 -             79   9.9e-36  115.2   0.8   1   1   1.5e-37   1.1e-35  115.1   0.8     1    78     3    80     3    81 0.97 -
AC3300027503___Ga0255182_1000024|AC3300027503___Ga0255182_1000024_200 -             77 OG75                 -             79   1.3e-07   25.1   0.3   1   1   2.2e-09   1.6e-07   24.8   0.3    14    75    10    68     2    71 0.90 -
AC3300027503___Ga0255182_1000024|AC3300027503___Ga0255182_1000024_79  -            292 OG75                 -             79     0.011    9.3   8.7   1   2       1.2        86   -3.1   0.2    60    71    25    36    12    42 0.52 -
AC3300027503___Ga0255182_1000024|AC3300027503___Ga0255182_1000024_79  -            292 OG75                 -             79     0.011    9.3   8.7   2   2   1.1e-05   0.00078   13.0   3.3     2    27   241   266   240   274 0.86 -
AC3300027503___Ga0255182_1000024|AC3300027503___Ga0255182_1000024_200 -             77 OG76                 -             77   1.7e-35  114.4   3.8   1   1   1.7e-37   1.8e-35  114.3   3.8     2    76     1    75     1    76 0.99 -
AC3300027503___Ga0255182_1000024|AC3300027503___Ga0255182_1000024_199 -             82 OG76                 -             77   3.8e-06   20.3   0.2   1   1   4.4e-08   4.8e-06   20.0   0.2     9    70    18    78    13    80 0.91 -
AC3300027503___Ga0255182_1000024|AC3300027503___Ga0255182_1000024_208 -            411 OG78                 -            366  8.7e-139  456.4  27.0   1   1  5.1e-141  1.1e-138  456.1  27.0    10   364    25   403    17   405 0.93 -
AC3300027503___Ga0255182_1000024|AC3300027503___Ga0255182_1000024_91 -            367 OG793                -            362   5.9e-08   25.6  10.8   1   1   6.3e-09   1.4e-06   21.1  10.8    31   266    36   313    17   346 0.69 -
AC3300027503___Ga0255182_1000024|AC3300027503___Ga0255182_1000024_77 -            522 OG7                  -            450  4.5e-223  734.8  12.5   1   1  2.7e-225  5.9e-223  734.4  12.5     1   448     2   452     2   454 0.99 -
AC3300027503___Ga0255182_1000024|AC3300027503___Ga0255182_1000024_7 -            254 OG80                 -            230   5.3e-80  261.8   9.4   1   1   1.1e-80   8.2e-79  257.9   9.4     3   230     4   253     2   253 0.90 -
AC3300027503___Ga0255182_1000024|AC3300027503___Ga0255182_1000024_6 -            286 OG80                 -            230   8.3e-37  120.5  14.8   1   1   2.4e-38   1.8e-36  119.4  14.8    36   206    85   256    36   267 0.87 -
AC3300027503___Ga0255182_1000024|AC3300027503___Ga0255182_1000024_8 -            673 OG80                 -            230   1.8e-19   63.8  12.9   1   4      0.86        63   -3.4   4.8     4    46    10    46     6   136 0.73 -
AC3300027503___Ga0255182_1000024|AC3300027503___Ga0255182_1000024_8 -            673 OG80                 -            230   1.8e-19   63.8  12.9   2   4     0.072       5.3    0.1   2.9     4    26   292   314   287   357 0.74 -
AC3300027503___Ga0255182_1000024|AC3300027503___Ga0255182_1000024_8 -            673 OG80                 -            230   1.8e-19   63.8  12.9   3   4     0.081       5.9   -0.1   0.8     4    24   368   388   362   401 0.68 -
AC3300027503___Ga0255182_1000024|AC3300027503___Ga0255182_1000024_8 -            673 OG80                 -            230   1.8e-19   63.8  12.9   4   4   2.5e-21   1.8e-19   63.8  12.9    49   198   492   649   437   671 0.71 -
AC3300027503___Ga0255182_1000024|AC3300027503___Ga0255182_1000024_215 -            392 OG85                 -            337  1.1e-126  416.2  29.4   1   1  1.5e-127  1.6e-125  412.4  28.9     3   321     2   356     1   377 0.93 -
AC3300027503___Ga0255182_1000024|AC3300027503___Ga0255182_1000024_214 -            127 OG85                 -            337   0.00021   14.2   1.4   1   2   3.8e-06   0.00042   13.3   0.1     4    37     3    36     1    73 0.78 -
AC3300027503___Ga0255182_1000024|AC3300027503___Ga0255182_1000024_214 -            127 OG85                 -            337   0.00021   14.2   1.4   2   2     0.027         3    0.6   0.1   146   166    97   117    47   125 0.61 -
AC3300027503___Ga0255182_1000024|AC3300027503___Ga0255182_1000024_206 -             81 OG91                 -             77   2.3e-35  114.6   4.1   1   1   1.2e-37   2.5e-35  114.4   4.1     2    76     3    77     2    78 0.97 -
AC3300027503___Ga0255182_1000024|AC3300027503___Ga0255182_1000024_39 -            994 OG92                 -            571   1.4e-26   87.2  10.7   1   4     0.085        19   -2.3   2.2   272   332   230   289   208   307 0.61 -
AC3300027503___Ga0255182_1000024|AC3300027503___Ga0255182_1000024_39 -            994 OG92                 -            571   1.4e-26   87.2  10.7   2   4     0.025       5.5   -0.6   3.2    28   108   316   396   293   432 0.75 -
AC3300027503___Ga0255182_1000024|AC3300027503___Ga0255182_1000024_39 -            994 OG92                 -            571   1.4e-26   87.2  10.7   3   4      0.33        71   -4.2   6.9   216   336   416   536   413   547 0.51 -
AC3300027503___Ga0255182_1000024|AC3300027503___Ga0255182_1000024_39 -            994 OG92                 -            571   1.4e-26   87.2  10.7   4   4   6.6e-29   1.4e-26   87.2  10.7   268   568   582   891   540   894 0.74 -
AC3300027503___Ga0255182_1000024|AC3300027503___Ga0255182_1000024_123 -            231 OG93                 -            204   2.6e-74  243.1  15.6   1   1   1.9e-74     4e-72  236.0  15.6     1   200     1   220     1   224 0.88 -
AC3300027503___Ga0255182_1000024|AC3300027503___Ga0255182_1000024_18 -            110 OG96                 -             94   3.6e-31  101.0  12.8   1   1   2.2e-33   4.7e-31  100.6  12.8     2    93    12   104    11   105 0.95 -
AC3300027503___Ga0255182_1000024|AC3300027503___Ga0255182_1000024_124 -            820 OG9                  -            764         0 1363.0   5.9   1   2  1.1e-292  2.4e-290  958.6   0.4     1   547     7   563     7   582 0.98 -
AC3300027503___Ga0255182_1000024|AC3300027503___Ga0255182_1000024_124 -            820 OG9                  -            764         0 1363.0   5.9   2   2  6.5e-126  1.4e-123  407.2   0.9   543   764   596   819   583   819 0.96 -
#
# Program:         hmmsearch
# Version:         3.4 (Aug 2023)
# Pipeline mode:   SEARCH
# Query file:      /clusterfs/jgi/scratch/science/mgs/nelli/frederik/projects/dev/gvclass/resources/models/combined.hmm
# Target file:     AC3300027503___Ga0255182_1000024.faa
# Option settings: hmmsearch --domtblout models.out --noali --cpu 4 /clusterfs/jgi/scratch/science/mgs/nelli/frederik/projects/dev/gvclass/resources/models/combined.hmm AC3300027503___Ga0255182_1000024.faa 
# Current dir:     /clusterfs/jgi/scratch/science/mgs/nelli/frederik/projects/dev/gvclass/work/ca/544b84c5f835e1ada82e4c84e0a516
# Date:            Thu May 22 18:09:23 2025
# [ok]
