# target name	accession	tlen	query name	accession	qlen	E-value	score	bias	#	of	c-Evalue	i-Evalue	score	bias	from	to	from	to	from	to	acc
GVMAG-S-1096109-37|1096109_contig_460_1	-	582	GVOGm0003	-	393	2.67e-88	290.1	0.0	1	1	4.91e-90	9.22e-88	288.4	0.0	4	391	13	580	11	582	0.90
GVMAG-S-1096109-37|1096109_contig_156_6	-	429	GVOGm0013	-	459	2.82e-108	356.0	3.3	1	1	1.93e-110	3.62e-108	355.7	3.3	20	443	9	420	3	425	0.90
GVMAG-S-1096109-37|1096109_contig_153_16	-	1010	GVOGm0023	-	1378	9.98e-288	951.6	8.6	1	2	1.03e-123	6.45e-122	402.2	5.0	7	408	5	390	2	397	0.90
GVMAG-S-1096109-37|1096109_contig_153_16	-	1010	GVOGm0023	-	1378	9.98e-288	951.6	8.6	2	2	1.37e-168	8.57e-167	550.9	0.1	381	874	412	929	400	978	0.90
GVMAG-S-1096109-37|1096109_contig_156_24	-	442	GVOGm0023	-	1378	1.94e-112	370.8	6.4	1	1	3.93e-114	2.46e-112	370.5	6.4	909	1359	5	434	3	440	0.90
GVMAG-S-1096109-37|1096109_contig_1169_5	-	427	GVOGm0023	-	1378	2.91e-110	363.6	0.1	1	1	5.42e-112	3.40e-110	363.4	0.1	914	1348	10	424	3	427	0.90
GVMAG-S-1096109-37|1096109_contig_575_7	-	576	GVOGm0054	-	917	1.16e-141	466.8	5.2	1	1	1.56e-143	1.47e-141	466.4	5.2	13	518	13	552	3	574	0.90
GVMAG-S-1096109-37|1096109_contig_575_6	-	493	GVOGm0054	-	917	1.03e-87	288.2	3.5	1	2	3.14e-74	2.95e-72	237.1	0.2	528	779	6	271	2	300	0.90
GVMAG-S-1096109-37|1096109_contig_575_6	-	493	GVOGm0054	-	917	1.03e-87	288.2	3.5	2	2	2.26e-18	2.12e-16	52.2	0.4	779	876	367	464	318	482	0.90
GVMAG-S-1096109-37|1096109_contig_460_2	-	368	GVOGm0172	-	320	2.09e-06	20.4	2.3	1	4	6.22e-02	1.17e+01	-1.8	2.1	213	257	48	96	25	106	0.90
GVMAG-S-1096109-37|1096109_contig_460_2	-	368	GVOGm0172	-	320	2.09e-06	20.4	2.3	2	4	1.11e-08	2.09e-06	20.4	2.3	18	52	123	165	102	181	0.90
GVMAG-S-1096109-37|1096109_contig_460_2	-	368	GVOGm0172	-	320	2.09e-06	20.4	2.3	3	4	6.31e-03	1.19e+00	1.5	0.5	96	148	166	219	163	225	0.90
GVMAG-S-1096109-37|1096109_contig_460_2	-	368	GVOGm0172	-	320	2.09e-06	20.4	2.3	4	4	6.00e-02	1.13e+01	-1.7	0.1	161	280	308	318	277	352	0.90
GVMAG-S-1096109-37|1096109_contig_153_11	-	1119	GVOGm0461	-	1117	0.00e+00	1226.3	19.0	1	1	0.00e+00	0.00e+00	1226.2	19.0	6	1107	4	1116	2	1119	0.90
GVMAG-S-1096109-37|1096109_contig_155_2	-	259	GVOGm0760	-	255	8.02e-97	316.9	0.0	1	1	5.01e-99	9.43e-97	316.7	0.0	5	245	8	256	5	258	0.90
GVMAG-S-1096109-37|1096109_contig_460_2	-	368	GVOGm0890	-	152	1.78e-16	54.3	6.8	1	3	4.86e-01	9.14e+01	-3.2	5.7	50	94	49	93	4	151	0.90
GVMAG-S-1096109-37|1096109_contig_460_2	-	368	GVOGm0890	-	152	1.78e-16	54.3	6.8	2	3	5.33e-03	1.00e+00	3.2	0.2	46	83	187	223	156	225	0.90
GVMAG-S-1096109-37|1096109_contig_460_2	-	368	GVOGm0890	-	152	1.78e-16	54.3	6.8	3	3	9.45e-19	1.78e-16	54.3	6.8	28	151	235	366	198	368	0.90
GVMAG-S-1096109-37|1096109_contig_155_2	-	259	ATPase	-	578	7.03e-60	197.1	0.4	1	1	4.59e-62	8.63e-60	196.8	0.4	210	445	8	249	3	258	0.90
GVMAG-S-1096109-37|1096109_contig_460_1	-	582	gamadvirusMCP	-	553	3.81e-10	32.6	0.0	1	3	8.08e-04	1.52e-01	4.2	0.0	48	110	61	128	36	136	0.90
GVMAG-S-1096109-37|1096109_contig_460_1	-	582	gamadvirusMCP	-	553	3.81e-10	32.6	0.0	2	3	8.42e-10	1.58e-07	23.9	0.0	194	252	174	231	145	260	0.90
GVMAG-S-1096109-37|1096109_contig_460_1	-	582	gamadvirusMCP	-	553	3.81e-10	32.6	0.0	3	3	1.42e-02	2.67e+00	0.1	0.0	479	519	445	485	365	497	0.90
GVMAG-S-1096109-37|1096109_contig_156_19	-	272	VLTF2	-	318	3.21e-08	27.1	0.0	1	1	6.65e-10	6.25e-08	26.2	0.0	41	111	169	244	148	250	0.90
GVMAG-S-1096109-37|1096109_contig_1169_10	-	265	VLTF2	-	318	4.45e-04	13.5	0.0	1	1	9.04e-06	8.50e-04	12.6	0.0	42	112	166	238	162	254	0.90
GVMAG-S-1096109-37|1096109_contig_460_2	-	368	VLTF3	-	294	1.19e-24	80.5	3.6	1	2	5.73e-02	1.08e+01	-1.5	0.7	113	159	37	90	23	106	0.90
GVMAG-S-1096109-37|1096109_contig_460_2	-	368	VLTF3	-	294	1.19e-24	80.5	3.6	2	2	6.36e-27	1.19e-24	80.5	3.6	28	259	135	365	122	367	0.90
GVMAG-S-1096109-37|1096109_contig_460_1	-	582	yaravirusMCP	-	409	6.94e-10	31.9	0.7	1	2	8.68e-09	1.63e-06	20.8	0.1	50	208	57	231	11	253	0.90
GVMAG-S-1096109-37|1096109_contig_460_1	-	582	yaravirusMCP	-	409	6.94e-10	31.9	0.7	2	2	2.35e-05	4.41e-03	9.5	0.1	357	391	461	494	354	577	0.90
GVMAG-S-1096109-37|1096109_contig_153_16	-	1010	COG0086	-	1133	2.50e-82	269.0	23.7	1	5	3.31e-03	2.07e-01	0.4	0.1	7	32	10	35	2	36	0.90
GVMAG-S-1096109-37|1096109_contig_153_16	-	1010	COG0086	-	1133	2.50e-82	269.0	23.7	2	5	2.56e-11	1.60e-09	27.4	2.2	62	240	60	213	59	220	0.90
GVMAG-S-1096109-37|1096109_contig_153_16	-	1010	COG0086	-	1133	2.50e-82	269.0	23.7	3	5	1.48e-14	9.29e-13	38.1	0.1	296	354	265	321	264	322	0.90
GVMAG-S-1096109-37|1096109_contig_153_16	-	1010	COG0086	-	1133	2.50e-82	269.0	23.7	4	5	2.11e-02	1.32e+00	-2.2	0.1	925	1049	384	413	382	430	0.90
GVMAG-S-1096109-37|1096109_contig_153_16	-	1010	COG0086	-	1133	2.50e-82	269.0	23.7	5	5	4.69e-67	2.94e-65	212.3	3.2	403	827	435	882	421	885	0.90
GVMAG-S-1096109-37|1096109_contig_1169_5	-	427	COG0086	-	1133	3.33e-25	79.4	0.4	1	2	2.17e-17	1.36e-15	47.5	0.1	855	907	68	119	60	123	0.90
GVMAG-S-1096109-37|1096109_contig_1169_5	-	427	COG0086	-	1133	3.33e-25	79.4	0.4	2	2	3.89e-12	2.44e-10	30.1	0.0	972	1083	308	381	306	381	0.90
GVMAG-S-1096109-37|1096109_contig_156_24	-	442	COG0086	-	1133	8.38e-13	38.2	0.0	1	3	1.35e-11	8.48e-10	28.3	0.0	854	908	68	121	62	134	0.90
GVMAG-S-1096109-37|1096109_contig_156_24	-	442	COG0086	-	1133	8.38e-13	38.2	0.0	2	3	1.23e-04	7.69e-03	5.2	0.0	972	992	308	328	305	328	0.90
GVMAG-S-1096109-37|1096109_contig_156_24	-	442	COG0086	-	1133	8.38e-13	38.2	0.0	3	3	2.45e-03	1.54e-01	0.9	0.0	1076	1118	373	415	372	416	0.90
GVMAG-S-1096109-37|1096109_contig_370_18	-	86	COG0172	-	423	1.80e-02	4.6	3.9	1	1	1.05e-04	1.97e-02	4.5	3.9	81	103	4	26	2	27	0.90
GVMAG-S-1096109-37|1096109_contig_460_11	-	535	COG0519	-	507	2.36e-03	7.5	1.5	1	1	1.62e-05	3.04e-03	7.2	1.5	219	236	250	267	250	267	0.90
GVMAG-S-1096109-37|1096109_contig_575_4	-	197	OG1091	-	179	4.47e-14	46.0	0.0	1	1	2.99e-16	5.63e-14	45.7	0.0	22	179	10	166	3	167	0.90
GVMAG-S-1096109-37|1096109_contig_156_5	-	315	OG1419	-	227	3.03e-07	23.3	0.1	1	2	7.47e-05	1.40e-02	8.1	0.0	154	208	106	160	103	177	0.90
GVMAG-S-1096109-37|1096109_contig_156_5	-	315	OG1419	-	227	3.03e-07	23.3	0.1	2	2	2.23e-06	4.19e-04	13.0	0.0	162	195	268	300	262	309	0.90
GVMAG-S-1096109-37|1096109_contig_156_6	-	429	OG1590	-	538	5.46e-09	28.5	0.0	1	1	5.81e-11	1.09e-08	27.5	0.0	80	217	59	199	9	206	0.90
GVMAG-S-1096109-37|1096109_contig_370_5	-	175	OG1626	-	283	2.14e-06	20.8	2.0	1	1	1.68e-08	3.16e-06	20.2	2.0	3	47	93	139	92	172	0.90
GVMAG-S-1096109-37|1096109_contig_155_7	-	224	OG2196	-	165	1.91e-10	34.4	7.1	1	3	2.37e-04	4.45e-02	7.2	0.1	4	45	5	44	3	67	0.90
GVMAG-S-1096109-37|1096109_contig_155_7	-	224	OG2196	-	165	1.91e-10	34.4	7.1	2	3	2.28e-07	4.28e-05	17.0	0.2	26	74	59	109	51	135	0.90
GVMAG-S-1096109-37|1096109_contig_155_7	-	224	OG2196	-	165	1.91e-10	34.4	7.1	3	3	2.42e-06	4.55e-04	13.7	0.6	115	149	181	215	143	219	0.90
GVMAG-S-1096109-37|1096109_contig_460_9	-	474	OG68	-	328	1.03e-25	84.4	2.7	1	2	1.02e-08	9.57e-07	22.1	0.0	91	142	29	82	5	109	0.90
GVMAG-S-1096109-37|1096109_contig_460_9	-	474	OG68	-	328	1.03e-25	84.4	2.7	2	2	1.95e-20	1.83e-18	60.6	2.1	241	318	254	338	237	340	0.90
GVMAG-S-1096109-37|1096109_contig_156_7	-	531	OG68	-	328	5.25e-16	52.5	2.7	1	3	5.65e-08	5.31e-06	19.6	0.0	91	163	38	119	15	129	0.90
GVMAG-S-1096109-37|1096109_contig_156_7	-	531	OG68	-	328	5.25e-16	52.5	2.7	2	3	3.45e-01	3.24e+01	-2.7	0.0	169	209	144	186	140	197	0.90
GVMAG-S-1096109-37|1096109_contig_156_7	-	531	OG68	-	328	5.25e-16	52.5	2.7	3	3	2.46e-11	2.32e-09	30.7	1.9	273	304	342	381	331	384	0.90
GVMAG-S-1096109-37|1096109_contig_370_18	-	86	OG10163	-	122	5.29e-04	13.9	0.2	1	1	3.26e-06	6.12e-04	13.7	0.2	55	105	4	54	2	61	0.90
GVMAG-S-1096109-37|1096109_contig_460_12	-	157	OG1026	-	160	9.11e-44	142.6	6.4	1	1	5.33e-46	1.00e-43	142.4	6.4	2	159	2	156	2	157	0.90
GVMAG-S-1096109-37|1096109_contig_155_8	-	324	OG1035	-	272	2.44e-90	296.3	0.1	1	1	1.51e-92	2.84e-90	296.1	0.1	3	270	8	317	7	320	0.90
GVMAG-S-1096109-37|1096109_contig_575_3	-	182	OG1050	-	166	2.93e-05	17.1	0.8	1	2	5.37e-06	1.01e-03	12.1	0.0	57	74	62	79	27	83	0.90
GVMAG-S-1096109-37|1096109_contig_575_3	-	182	OG1050	-	166	2.93e-05	17.1	0.8	2	2	2.00e-03	3.75e-01	3.7	0.2	95	123	112	140	99	152	0.90
GVMAG-S-1096109-37|1096109_contig_153_7	-	1384	OG1055	-	1161	1.16e-49	162.5	53.9	1	5	1.39e-04	2.62e-02	5.6	2.5	166	219	120	174	8	201	0.90
GVMAG-S-1096109-37|1096109_contig_153_7	-	1384	OG1055	-	1161	1.16e-49	162.5	53.9	2	5	2.14e-07	4.02e-05	15.0	11.1	253	470	270	488	242	493	0.90
GVMAG-S-1096109-37|1096109_contig_153_7	-	1384	OG1055	-	1161	1.16e-49	162.5	53.9	3	5	5.63e-06	1.06e-03	10.2	3.3	464	571	516	636	514	659	0.90
GVMAG-S-1096109-37|1096109_contig_153_7	-	1384	OG1055	-	1161	1.16e-49	162.5	53.9	4	5	1.69e-02	3.18e+00	-1.3	2.3	198	242	627	682	624	764	0.90
GVMAG-S-1096109-37|1096109_contig_153_7	-	1384	OG1055	-	1161	1.16e-49	162.5	53.9	5	5	3.26e-49	6.12e-47	153.4	8.2	562	1085	768	1272	752	1280	0.90
GVMAG-S-1096109-37|1096109_contig_156_23	-	131	OG1063	-	126	4.30e-12	39.4	0.1	1	1	1.31e-13	6.18e-12	38.9	0.1	21	109	20	103	16	121	0.90
GVMAG-S-1096109-37|1096109_contig_153_9	-	184	OG1063	-	126	5.14e-12	39.2	0.1	1	1	1.67e-13	7.83e-12	38.6	0.1	8	124	5	118	2	121	0.90
GVMAG-S-1096109-37|1096109_contig_1169_6	-	128	OG1063	-	126	6.58e-10	32.4	0.0	1	1	1.78e-11	8.35e-10	32.0	0.0	21	110	16	97	6	113	0.90
GVMAG-S-1096109-37|1096109_contig_155_16	-	171	OG1063	-	126	5.24e-05	16.5	0.0	1	1	1.81e-06	8.49e-05	15.8	0.0	34	86	90	140	76	152	0.90
GVMAG-S-1096109-37|1096109_contig_155_10	-	185	OG1086	-	147	2.93e-23	75.7	2.1	1	1	4.35e-25	4.09e-23	75.2	2.1	23	137	11	128	3	137	0.90
GVMAG-S-1096109-37|1096109_contig_155_19	-	131	OG1086	-	147	1.39e-16	54.0	0.1	1	1	1.58e-18	1.49e-16	53.9	0.1	27	86	35	94	4	128	0.90
GVMAG-S-1096109-37|1096109_contig_155_4	-	143	OG10	-	170	1.28e-11	38.6	4.6	1	2	4.33e-03	8.13e-01	3.4	1.4	12	61	4	50	2	68	0.90
GVMAG-S-1096109-37|1096109_contig_155_4	-	143	OG10	-	170	1.28e-11	38.6	4.6	2	2	2.78e-13	5.23e-11	36.6	0.2	104	170	76	141	53	142	0.90
GVMAG-S-1096109-37|1096109_contig_1169_1	-	342	OG1164	-	546	1.96e-118	389.7	0.7	1	1	4.65e-120	2.18e-118	389.6	0.7	4	341	3	343	2	343	0.90
GVMAG-S-1096109-37|1096109_contig_156_11	-	116	OG1164	-	546	5.40e-10	31.8	7.0	1	1	1.25e-11	5.89e-10	31.7	7.0	357	420	6	74	2	95	0.90
GVMAG-S-1096109-37|1096109_contig_370_5	-	175	OG1164	-	546	3.90e-09	29.0	1.8	1	1	1.02e-10	4.80e-09	28.7	1.8	354	407	90	145	78	170	0.90
GVMAG-S-1096109-37|1096109_contig_156_6	-	429	OG1164	-	546	5.52e-06	18.6	1.9	1	2	2.48e-03	1.17e-01	4.3	0.2	92	128	111	147	90	172	0.90
GVMAG-S-1096109-37|1096109_contig_156_6	-	429	OG1164	-	546	5.52e-06	18.6	1.9	2	2	3.23e-06	1.52e-04	13.8	0.1	421	480	277	336	246	380	0.90
GVMAG-S-1096109-37|1096109_contig_1116_8	-	168	OG1180	-	165	1.10e-49	161.9	0.1	1	1	6.46e-52	1.21e-49	161.8	0.1	2	165	2	167	2	168	0.90
GVMAG-S-1096109-37|1096109_contig_1116_2	-	191	OG11	-	318	2.27e-04	14.1	0.7	1	1	1.50e-06	2.82e-04	13.8	0.7	18	81	55	117	16	144	0.90
GVMAG-S-1096109-37|1096109_contig_460_14	-	172	OG1204	-	171	1.23e-52	171.4	1.3	1	1	7.24e-55	1.36e-52	171.2	1.3	2	171	2	172	2	172	0.90
GVMAG-S-1096109-37|1096109_contig_1116_4	-	122	OG1217	-	126	1.53e-42	138.1	2.4	1	1	8.74e-45	1.64e-42	138.0	2.4	4	124	5	119	2	122	0.90
GVMAG-S-1096109-37|1096109_contig_155_21	-	231	OG122	-	221	1.34e-76	250.3	0.4	1	1	2.93e-78	5.51e-76	248.2	0.4	4	214	5	228	2	231	0.90
GVMAG-S-1096109-37|1096109_contig_155_2	-	259	OG1242	-	360	1.27e-26	86.6	0.2	1	2	1.46e-20	2.75e-18	59.2	0.2	30	102	34	106	23	109	0.90
GVMAG-S-1096109-37|1096109_contig_155_2	-	259	OG1242	-	360	1.27e-26	86.6	0.2	2	2	3.11e-10	5.84e-08	25.2	0.0	203	258	110	164	107	169	0.90
GVMAG-S-1096109-37|1096109_contig_1116_16	-	103	OG1269	-	105	5.32e-30	97.7	0.2	1	1	3.15e-32	5.92e-30	97.5	0.2	6	104	2	102	2	103	0.90
GVMAG-S-1096109-37|1096109_contig_580_16	-	234	OG130	-	274	2.27e-16	53.5	4.9	1	1	1.62e-18	3.05e-16	53.1	4.9	18	163	55	188	42	200	0.90
GVMAG-S-1096109-37|1096109_contig_460_15	-	142	OG1340	-	360	1.21e-04	14.5	0.4	1	1	6.93e-07	1.30e-04	14.4	0.4	131	195	53	114	5	127	0.90
GVMAG-S-1096109-37|1096109_contig_460_1	-	582	OG1352	-	535	6.42e-14	44.8	0.3	1	3	4.06e-12	7.63e-10	31.4	0.0	81	184	58	167	53	181	0.90
GVMAG-S-1096109-37|1096109_contig_460_1	-	582	OG1352	-	535	6.42e-14	44.8	0.3	2	3	6.89e-06	1.30e-03	10.8	0.0	227	271	181	225	175	266	0.90
GVMAG-S-1096109-37|1096109_contig_460_1	-	582	OG1352	-	535	6.42e-14	44.8	0.3	3	3	4.76e-02	8.96e+00	-1.8	0.2	498	515	480	497	424	570	0.90
GVMAG-S-1096109-37|1096109_contig_580_16	-	234	OG1357	-	357	2.62e-09	30.3	6.2	1	1	1.98e-11	3.72e-09	29.8	6.2	18	165	55	189	45	196	0.90
GVMAG-S-1096109-37|1096109_contig_156_14	-	1029	OG1395	-	1104	4.93e-47	154.0	20.9	1	4	7.57e-10	1.42e-07	23.4	0.0	14	95	20	87	10	104	0.90
GVMAG-S-1096109-37|1096109_contig_156_14	-	1029	OG1395	-	1104	4.93e-47	154.0	20.9	2	4	3.08e-16	5.79e-14	44.5	0.2	230	373	160	327	107	393	0.90
GVMAG-S-1096109-37|1096109_contig_156_14	-	1029	OG1395	-	1104	4.93e-47	154.0	20.9	3	4	3.02e-32	5.67e-30	97.5	5.0	528	866	415	804	407	843	0.90
GVMAG-S-1096109-37|1096109_contig_156_14	-	1029	OG1395	-	1104	4.93e-47	154.0	20.9	4	4	4.29e-01	8.06e+01	-5.6	2.4	844	893	920	969	885	1001	0.90
GVMAG-S-1096109-37|1096109_contig_575_12	-	202	OG14	-	306	3.45e-06	19.8	0.0	1	1	2.72e-08	5.10e-06	19.3	0.0	65	122	10	64	5	89	0.90
GVMAG-S-1096109-37|1096109_contig_153_14	-	227	OG1537	-	349	2.37e-01	4.3	22.0	1	1	1.69e-03	3.17e-01	3.9	22.0	235	330	32	124	9	159	0.90
GVMAG-S-1096109-37|1096109_contig_460_15	-	142	OG15	-	347	7.72e-09	28.8	2.7	1	1	4.45e-11	8.37e-09	28.7	2.7	8	110	11	118	2	131	0.90
GVMAG-S-1096109-37|1096109_contig_460_2	-	368	OG1614	-	359	2.55e-21	69.4	19.8	1	1	1.73e-23	3.26e-21	69.1	19.8	29	308	15	328	3	343	0.90
GVMAG-S-1096109-37|1096109_contig_156_11	-	116	OG16493	-	244	3.44e-08	26.7	10.4	1	1	1.06e-09	9.98e-08	25.1	10.4	180	236	4	58	2	63	0.90
GVMAG-S-1096109-37|1096109_contig_370_5	-	175	OG16493	-	244	1.06e-06	21.8	10.7	1	1	2.05e-08	1.92e-06	20.9	10.7	179	234	90	140	54	150	0.90
GVMAG-S-1096109-37|1096109_contig_460_8	-	352	OG169	-	326	1.40e-107	353.3	0.1	1	1	8.29e-110	1.56e-107	353.2	0.1	2	321	2	346	2	352	0.90
GVMAG-S-1096109-37|1096109_contig_156_19	-	272	OG1709	-	187	2.93e-20	66.5	7.5	1	2	5.65e-07	5.31e-05	16.7	1.4	59	91	84	116	49	141	0.90
GVMAG-S-1096109-37|1096109_contig_156_19	-	272	OG1709	-	187	2.93e-20	66.5	7.5	2	2	3.35e-18	3.15e-16	53.3	0.5	92	176	160	245	153	253	0.90
GVMAG-S-1096109-37|1096109_contig_1169_10	-	265	OG1709	-	187	4.37e-20	65.9	7.3	1	2	1.18e-05	1.11e-03	12.4	3.0	60	93	81	114	42	133	0.90
GVMAG-S-1096109-37|1096109_contig_1169_10	-	265	OG1709	-	187	4.37e-20	65.9	7.3	2	2	8.66e-19	8.14e-17	55.3	0.1	94	177	158	239	146	248	0.90
GVMAG-S-1096109-37|1096109_contig_155_10	-	185	OG17	-	143	6.74e-19	61.7	0.2	1	1	1.12e-20	1.05e-18	61.1	0.2	6	118	24	137	19	145	0.90
GVMAG-S-1096109-37|1096109_contig_155_19	-	131	OG17	-	143	1.50e-12	41.1	0.0	1	1	2.41e-14	2.27e-12	40.5	0.0	4	92	42	129	39	131	0.90
GVMAG-S-1096109-37|1096109_contig_156_5	-	315	OG1821	-	327	8.53e-08	25.1	8.9	1	1	8.15e-10	1.53e-07	24.3	8.9	105	297	83	301	4	309	0.90
GVMAG-S-1096109-37|1096109_contig_153_12	-	331	OG186	-	195	4.90e-07	23.3	5.3	1	2	2.61e-09	4.90e-07	23.3	5.3	12	136	58	183	48	232	0.90
GVMAG-S-1096109-37|1096109_contig_153_12	-	331	OG186	-	195	4.90e-07	23.3	5.3	2	2	4.91e-02	9.22e+00	-0.4	3.3	93	161	220	295	216	330	0.90
GVMAG-S-1096109-37|1096109_contig_155_7	-	224	OG1943	-	223	1.17e-11	38.2	7.5	1	1	8.10e-14	1.52e-11	37.8	7.5	4	218	4	220	2	224	0.90
GVMAG-S-1096109-37|1096109_contig_155_22	-	577	OG19	-	807	6.77e-04	11.5	0.1	1	2	3.19e-02	6.00e+00	-1.5	1.3	520	596	53	110	28	151	0.90
GVMAG-S-1096109-37|1096109_contig_155_22	-	577	OG19	-	807	6.77e-04	11.5	0.1	2	2	3.60e-06	6.77e-04	11.5	0.1	25	63	166	204	144	215	0.90
GVMAG-S-1096109-37|1096109_contig_155_7	-	224	OG203	-	199	3.12e-15	49.9	7.6	1	2	4.72e-05	8.88e-03	9.2	0.0	3	66	4	63	2	67	0.90
GVMAG-S-1096109-37|1096109_contig_155_7	-	224	OG203	-	199	3.12e-15	49.9	7.6	2	2	1.41e-14	2.65e-12	40.3	5.5	42	165	79	215	63	221	0.90
GVMAG-S-1096109-37|1096109_contig_153_9	-	184	OG2081	-	179	3.49e-06	20.4	0.9	1	2	7.71e-08	7.25e-06	19.4	0.9	6	63	34	99	31	158	0.90
GVMAG-S-1096109-37|1096109_contig_153_9	-	184	OG2081	-	179	3.49e-06	20.4	0.9	2	2	1.52e-01	1.42e+01	-1.1	0.3	147	153	132	137	104	172	0.90
GVMAG-S-1096109-37|1096109_contig_156_3	-	223	OG2081	-	179	3.82e-06	20.3	5.0	1	1	1.26e-07	1.18e-05	18.7	5.0	5	89	3	101	2	214	0.90
GVMAG-S-1096109-37|1096109_contig_460_5	-	117	OG22794	-	105	6.47e-08	26.5	5.7	1	1	5.43e-10	1.02e-07	25.8	5.6	30	92	49	111	11	116	0.90
GVMAG-S-1096109-37|1096109_contig_155_2	-	259	OG22	-	424	3.27e-04	13.0	0.5	1	2	1.74e-06	3.27e-04	13.0	0.5	37	58	33	54	22	60	0.90
GVMAG-S-1096109-37|1096109_contig_155_2	-	259	OG22	-	424	3.27e-04	13.0	0.5	2	2	1.52e-01	2.86e+01	-3.2	0.1	389	407	88	106	80	110	0.90
GVMAG-S-1096109-37|1096109_contig_155_16	-	171	OG23491	-	138	2.58e-05	18.0	0.0	1	2	2.06e-01	3.88e+01	-2.1	0.0	9	25	5	21	3	37	0.90
GVMAG-S-1096109-37|1096109_contig_155_16	-	171	OG23491	-	138	2.58e-05	18.0	0.0	2	2	3.41e-07	6.41e-05	16.7	0.0	69	137	95	168	88	170	0.90
GVMAG-S-1096109-37|1096109_contig_575_9	-	212	OG2350	-	209	2.26e-12	40.4	0.0	1	1	2.89e-14	5.44e-12	39.2	0.0	97	202	103	207	2	209	0.90
GVMAG-S-1096109-37|1096109_contig_153_15	-	898	OG238	-	371	1.62e-12	40.5	1.5	1	1	2.35e-14	4.42e-12	39.0	1.5	14	200	16	223	3	250	0.90
GVMAG-S-1096109-37|1096109_contig_153_14	-	227	OG24	-	1714	2.25e-02	5.6	16.8	1	1	1.24e-04	2.32e-02	5.6	16.8	597	671	29	127	19	208	0.90
GVMAG-S-1096109-37|1096109_contig_575_7	-	576	OG25875	-	744	6.01e-33	107.5	1.8	1	2	4.80e-02	4.51e+00	-1.2	0.0	195	263	181	246	163	253	0.90
GVMAG-S-1096109-37|1096109_contig_575_7	-	576	OG25875	-	744	6.01e-33	107.5	1.8	2	2	1.67e-34	1.57e-32	106.1	1.3	308	588	276	562	266	574	0.90
GVMAG-S-1096109-37|1096109_contig_575_6	-	493	OG25875	-	744	2.47e-07	22.8	0.2	1	1	6.41e-09	6.03e-07	21.5	0.2	607	685	17	112	14	124	0.90
GVMAG-S-1096109-37|1096109_contig_460_2	-	368	OG25876	-	308	4.95e-24	78.8	8.8	1	1	2.78e-26	5.23e-24	78.7	7.9	11	307	50	366	44	368	0.90
GVMAG-S-1096109-37|1096109_contig_370_5	-	175	OG2605	-	195	1.32e-13	44.3	0.9	1	1	2.45e-15	1.53e-13	44.1	0.9	123	184	83	140	38	153	0.90
GVMAG-S-1096109-37|1096109_contig_156_11	-	116	OG2605	-	195	2.31e-07	24.0	6.7	1	1	5.82e-09	3.65e-07	23.3	6.7	131	189	4	61	2	75	0.90
GVMAG-S-1096109-37|1096109_contig_370_8	-	202	OG2605	-	195	9.21e-05	15.5	7.4	1	1	2.28e-06	1.43e-04	14.9	7.4	133	187	4	63	2	84	0.90
GVMAG-S-1096109-37|1096109_contig_156_3	-	223	OG27	-	189	5.60e-09	30.0	1.2	1	1	6.91e-11	1.30e-08	28.8	1.2	2	107	2	97	2	110	0.90
GVMAG-S-1096109-37|1096109_contig_155_15	-	953	OG2843	-	203	2.51e-05	17.2	0.7	1	2	5.05e-06	4.75e-04	13.0	0.1	29	71	4	46	2	51	0.90
GVMAG-S-1096109-37|1096109_contig_155_15	-	953	OG2843	-	203	2.51e-05	17.2	0.7	2	2	1.85e-02	1.74e+00	1.3	0.1	74	167	820	924	812	947	0.90
GVMAG-S-1096109-37|1096109_contig_155_18	-	1202	OG2843	-	203	3.62e-04	13.4	0.8	1	2	1.03e-03	9.71e-02	5.4	0.1	40	65	5	30	2	36	0.90
GVMAG-S-1096109-37|1096109_contig_155_18	-	1202	OG2843	-	203	3.62e-04	13.4	0.8	2	2	6.69e-04	6.29e-02	6.1	0.1	73	168	1068	1174	1046	1201	0.90
GVMAG-S-1096109-37|1096109_contig_802_10	-	1000	OG28774	-	192	3.09e-01	4.2	33.9	1	2	2.06e-01	3.88e+01	-2.6	0.9	2	193	15	65	15	65	0.90
GVMAG-S-1096109-37|1096109_contig_802_10	-	250	OG28774	-	192	3.09e-01	4.2	33.9	2	2	1.99e-05	3.73e-03	10.5	26.0	135	168	141	174	134	205	0.90
GVMAG-S-1096109-37|1096109_contig_155_19	-	131	OG28775	-	306	3.94e-07	23.1	0.8	1	1	4.44e-09	4.17e-07	23.0	0.8	134	214	42	129	10	131	0.90
GVMAG-S-1096109-37|1096109_contig_155_10	-	185	OG28775	-	306	5.52e-05	16.0	4.2	1	1	8.64e-07	8.12e-05	15.5	4.2	137	209	25	106	3	115	0.90
GVMAG-S-1096109-37|1096109_contig_153_5	-	172	OG287	-	98	5.32e-36	116.3	5.9	1	1	5.39e-38	1.01e-35	115.4	5.9	4	97	29	165	27	167	0.90
GVMAG-S-1096109-37|1096109_contig_156_5	-	315	OG295	-	269	1.21e-11	37.9	2.8	1	2	3.85e-09	7.23e-07	22.2	0.9	54	189	80	214	74	227	0.90
GVMAG-S-1096109-37|1096109_contig_156_5	-	315	OG295	-	269	1.21e-11	37.9	2.8	2	2	5.76e-07	1.08e-04	15.1	0.0	188	236	258	306	256	312	0.90
GVMAG-S-1096109-37|1096109_contig_370_11	-	409	OG299	-	241	4.02e-04	13.3	0.2	1	1	3.63e-06	6.83e-04	12.5	0.2	82	169	39	128	26	179	0.90
GVMAG-S-1096109-37|1096109_contig_802_10	-	1000	OG3084	-	155	4.23e-03	10.7	12.2	1	2	1.23e-01	2.31e+01	-1.5	0.2	2	156	8	79	8	79	0.90
GVMAG-S-1096109-37|1096109_contig_802_10	-	250	OG3084	-	155	4.23e-03	10.7	12.2	2	2	1.98e-06	3.73e-04	14.1	7.2	8	50	140	181	101	230	0.90
GVMAG-S-1096109-37|1096109_contig_575_9	-	212	OG30	-	209	5.13e-16	52.4	0.0	1	2	1.58e-02	2.98e+00	0.9	0.0	107	124	2	19	2	40	0.90
GVMAG-S-1096109-37|1096109_contig_575_9	-	212	OG30	-	209	5.13e-16	52.4	0.0	2	2	2.42e-17	4.55e-15	49.3	0.0	99	199	102	200	94	207	0.90
GVMAG-S-1096109-37|1096109_contig_460_15	-	142	OG310	-	162	4.44e-17	56.2	0.5	1	1	3.36e-19	6.33e-17	55.7	0.5	5	115	10	124	8	129	0.90
GVMAG-S-1096109-37|1096109_contig_156_6	-	429	OG314	-	696	8.24e-05	14.6	0.8	1	2	4.38e-07	8.24e-05	14.6	0.8	38	124	82	166	54	198	0.90
GVMAG-S-1096109-37|1096109_contig_156_6	-	429	OG314	-	696	8.24e-05	14.6	0.8	2	2	8.99e-03	1.69e+00	0.3	0.1	241	277	286	322	243	350	0.90
GVMAG-S-1096109-37|1096109_contig_1169_1	-	342	OG3263	-	737	4.49e-33	107.9	0.0	1	2	8.74e-25	5.48e-23	74.5	0.2	24	163	4	138	2	156	0.90
GVMAG-S-1096109-37|1096109_contig_1169_1	-	342	OG3263	-	737	4.49e-33	107.9	0.0	2	2	6.54e-12	4.10e-10	32.0	0.0	214	367	157	294	133	330	0.90
GVMAG-S-1096109-37|1096109_contig_156_6	-	429	OG3263	-	737	9.47e-05	14.2	1.8	1	2	1.38e-04	8.66e-03	7.7	0.2	130	156	122	149	86	156	0.90
GVMAG-S-1096109-37|1096109_contig_156_6	-	429	OG3263	-	737	9.47e-05	14.2	1.8	2	2	5.31e-04	3.33e-02	5.8	0.1	621	714	298	380	269	382	0.90
GVMAG-S-1096109-37|1096109_contig_370_5	-	175	OG3263	-	737	1.52e-03	10.2	1.9	1	1	3.30e-05	2.07e-03	9.8	1.9	470	534	85	141	77	143	0.90
GVMAG-S-1096109-37|1096109_contig_155_7	-	224	OG3465	-	244	4.99e-13	42.9	7.7	1	1	1.03e-14	1.94e-12	40.9	7.7	70	223	51	214	4	220	0.90
GVMAG-S-1096109-37|1096109_contig_460_17	-	328	OG3477	-	323	1.37e-09	31.1	2.4	1	2	7.37e-09	3.46e-07	23.2	0.2	69	130	52	107	39	178	0.90
GVMAG-S-1096109-37|1096109_contig_460_17	-	328	OG3477	-	323	1.37e-09	31.1	2.4	2	2	3.57e-04	1.68e-02	7.8	0.1	224	299	208	298	202	321	0.90
GVMAG-S-1096109-37|1096109_contig_575_11	-	533	OG3477	-	323	4.34e-04	13.1	0.0	1	2	4.09e-01	1.92e+01	-2.2	0.0	262	291	154	183	150	202	0.90
GVMAG-S-1096109-37|1096109_contig_575_11	-	533	OG3477	-	323	4.34e-04	13.1	0.0	2	2	2.92e-05	1.37e-03	11.4	0.0	81	129	351	400	344	441	0.90
GVMAG-S-1096109-37|1096109_contig_155_22	-	577	OG3477	-	323	4.68e-04	12.9	0.3	1	1	1.76e-05	8.27e-04	12.1	0.3	106	135	179	208	165	216	0.90
GVMAG-S-1096109-37|1096109_contig_155_2	-	259	OG3477	-	323	8.40e-04	12.1	0.4	1	1	2.98e-05	1.40e-03	11.4	0.4	108	127	33	52	19	63	0.90
GVMAG-S-1096109-37|1096109_contig_155_10	-	185	OG3490	-	183	5.03e-24	78.5	8.6	1	2	6.07e-24	5.70e-22	71.8	2.0	6	113	12	113	8	119	0.90
GVMAG-S-1096109-37|1096109_contig_155_10	-	185	OG3490	-	183	5.03e-24	78.5	8.6	2	2	2.30e-05	2.16e-03	11.3	0.9	153	179	115	141	110	148	0.90
GVMAG-S-1096109-37|1096109_contig_155_19	-	131	OG3490	-	183	1.26e-12	41.4	0.3	1	1	1.66e-14	1.56e-12	41.1	0.3	19	108	45	126	32	131	0.90
GVMAG-S-1096109-37|1096109_contig_156_5	-	315	OG34	-	345	1.14e-12	40.6	5.7	1	2	1.54e-06	2.89e-04	13.0	0.0	27	67	7	47	2	66	0.90
GVMAG-S-1096109-37|1096109_contig_156_5	-	315	OG34	-	345	1.14e-12	40.6	5.7	2	2	1.95e-10	3.66e-08	25.8	4.6	142	316	97	301	81	313	0.90
GVMAG-S-1096109-37|1096109_contig_460_1	-	582	OG3587	-	502	4.24e-15	48.7	0.0	1	3	7.57e-12	1.42e-09	30.5	0.0	90	186	58	167	53	183	0.90
GVMAG-S-1096109-37|1096109_contig_460_1	-	582	OG3587	-	502	4.24e-15	48.7	0.0	2	3	1.81e-06	3.40e-04	12.8	0.0	225	264	185	224	177	244	0.90
GVMAG-S-1096109-37|1096109_contig_460_1	-	582	OG3587	-	502	4.24e-15	48.7	0.0	3	3	4.51e-03	8.49e-01	1.6	0.2	396	480	411	495	388	501	0.90
GVMAG-S-1096109-37|1096109_contig_460_17	-	328	OG36	-	316	6.03e-05	15.9	3.1	1	2	4.05e-04	3.81e-02	6.7	0.1	27	60	76	109	34	123	0.90
GVMAG-S-1096109-37|1096109_contig_460_17	-	328	OG36	-	316	6.03e-05	15.9	3.1	2	2	4.72e-05	4.44e-03	9.7	0.3	141	201	205	265	174	315	0.90
GVMAG-S-1096109-37|1096109_contig_155_22	-	577	OG36	-	316	5.94e-04	12.6	0.1	1	1	1.44e-05	1.36e-03	11.4	0.1	34	62	179	207	166	226	0.90
GVMAG-S-1096109-37|1096109_contig_155_4	-	143	OG3700	-	203	2.51e-08	27.3	0.7	1	2	1.50e-01	2.82e+01	-2.3	0.1	91	110	40	59	16	68	0.90
GVMAG-S-1096109-37|1096109_contig_155_4	-	143	OG3700	-	203	2.51e-08	27.3	0.7	2	2	1.96e-10	3.68e-08	26.7	0.0	166	203	104	141	96	142	0.90
GVMAG-S-1096109-37|1096109_contig_155_2	-	259	OG372	-	354	4.06e-04	12.9	0.0	1	1	3.77e-06	7.08e-04	12.1	0.0	21	51	28	59	6	64	0.90
GVMAG-S-1096109-37|1096109_contig_153_1	-	140	OG375	-	186	3.11e-49	161.2	0.2	1	1	1.82e-51	3.42e-49	161.1	0.2	2	147	2	140	2	141	0.90
GVMAG-S-1096109-37|1096109_contig_580_3	-	237	OG387	-	138	9.26e-06	19.2	0.3	1	2	3.72e-06	6.99e-04	13.1	0.1	16	55	39	78	27	79	0.90
GVMAG-S-1096109-37|1096109_contig_580_3	-	237	OG387	-	138	9.26e-06	19.2	0.3	2	2	2.47e-03	4.64e-01	4.0	0.0	15	54	194	229	181	232	0.90
GVMAG-S-1096109-37|1096109_contig_1169_10	-	265	OG389	-	174	9.50e-21	67.9	4.5	1	2	4.56e-06	4.29e-04	13.7	0.6	2	25	86	109	86	120	0.90
GVMAG-S-1096109-37|1096109_contig_1169_10	-	265	OG389	-	174	9.50e-21	67.9	4.5	2	2	6.78e-19	6.37e-17	55.5	0.1	26	107	156	241	144	264	0.90
GVMAG-S-1096109-37|1096109_contig_156_19	-	272	OG389	-	174	1.96e-20	66.9	8.9	1	2	1.37e-06	1.29e-04	15.4	4.1	4	25	92	113	78	148	0.90
GVMAG-S-1096109-37|1096109_contig_156_19	-	272	OG389	-	174	1.96e-20	66.9	8.9	2	2	1.83e-18	1.72e-16	54.0	0.2	28	117	162	255	154	269	0.90
GVMAG-S-1096109-37|1096109_contig_460_3	-	204	OG40	-	146	1.26e-04	15.4	1.7	1	1	1.28e-06	2.41e-04	14.5	1.7	56	127	10	74	7	89	0.90
GVMAG-S-1096109-37|1096109_contig_156_5	-	315	OG41908	-	578	3.56e-08	25.8	1.7	1	1	2.99e-10	5.63e-08	25.2	1.7	77	177	86	184	49	203	0.90
GVMAG-S-1096109-37|1096109_contig_155_16	-	171	OG426	-	94	2.65e-04	14.5	0.8	1	2	4.02e-01	7.56e+01	-3.0	0.1	7	17	10	20	5	28	0.90
GVMAG-S-1096109-37|1096109_contig_155_16	-	171	OG426	-	94	2.65e-04	14.5	0.8	2	2	5.64e-06	1.06e-03	12.6	0.1	8	57	64	111	56	160	0.90
GVMAG-S-1096109-37|1096109_contig_460_2	-	368	OG436	-	319	5.84e-05	15.9	1.7	1	1	5.73e-07	1.08e-04	15.0	0.9	22	54	131	163	114	173	0.90
GVMAG-S-1096109-37|1096109_contig_1169_10	-	265	OG4379	-	277	2.05e-25	83.5	0.5	1	2	4.45e-08	4.18e-06	20.1	0.2	16	86	36	110	26	120	0.90
GVMAG-S-1096109-37|1096109_contig_1169_10	-	265	OG4379	-	277	2.05e-25	83.5	0.5	2	2	9.67e-21	9.09e-19	61.7	0.0	85	164	155	236	153	244	0.90
GVMAG-S-1096109-37|1096109_contig_156_19	-	272	OG4379	-	277	2.64e-21	70.0	4.5	1	2	3.12e-08	2.93e-06	20.6	1.2	36	87	65	115	40	125	0.90
GVMAG-S-1096109-37|1096109_contig_156_19	-	272	OG4379	-	277	2.64e-21	70.0	4.5	2	2	2.24e-17	2.10e-15	50.6	0.1	85	166	159	244	153	248	0.90
GVMAG-S-1096109-37|1096109_contig_460_2	-	368	OG448	-	365	4.01e-138	453.9	27.8	1	1	2.38e-140	4.48e-138	453.7	27.8	3	366	4	368	2	368	0.90
GVMAG-S-1096109-37|1096109_contig_153_9	-	184	OG482	-	172	2.33e-66	216.2	0.9	1	1	5.88e-68	2.76e-66	215.9	0.9	3	171	4	182	3	184	0.90
GVMAG-S-1096109-37|1096109_contig_156_23	-	131	OG482	-	172	7.35e-06	19.2	0.1	1	1	2.26e-07	1.06e-05	18.7	0.1	26	105	26	106	15	129	0.90
GVMAG-S-1096109-37|1096109_contig_156_3	-	223	OG482	-	172	4.99e-05	16.5	0.2	1	1	1.57e-06	7.39e-05	16.0	0.2	34	132	5	94	2	134	0.90
GVMAG-S-1096109-37|1096109_contig_1169_6	-	128	OG482	-	172	4.21e-04	13.5	0.0	1	1	1.24e-05	5.83e-04	13.1	0.0	36	130	32	123	6	127	0.90
GVMAG-S-1096109-37|1096109_contig_575_7	-	576	OG48357	-	1115	1.02e-37	123.1	4.2	1	3	1.79e-28	1.68e-26	85.9	0.1	86	476	23	393	12	410	0.90
GVMAG-S-1096109-37|1096109_contig_575_7	-	576	OG48357	-	1115	1.02e-37	123.1	4.2	2	3	7.17e-07	6.74e-05	14.4	0.2	530	620	391	479	388	484	0.90
GVMAG-S-1096109-37|1096109_contig_575_7	-	576	OG48357	-	1115	1.02e-37	123.1	4.2	3	3	1.44e-11	1.36e-09	29.9	0.6	650	720	467	538	464	542	0.90
GVMAG-S-1096109-37|1096109_contig_575_6	-	493	OG48357	-	1115	5.22e-25	81.0	0.1	1	1	1.10e-26	1.04e-24	80.0	0.1	759	975	16	241	9	265	0.90
GVMAG-S-1096109-37|1096109_contig_156_14	-	1029	OG48358	-	683	8.75e-30	96.8	6.1	1	2	1.46e-07	1.37e-05	16.8	1.0	38	253	41	275	11	339	0.90
GVMAG-S-1096109-37|1096109_contig_156_14	-	1029	OG48358	-	683	8.75e-30	96.8	6.1	2	2	5.23e-27	4.91e-25	81.1	0.3	382	601	350	586	341	602	0.90
GVMAG-S-1096109-37|1096109_contig_156_6	-	429	OG48358	-	683	1.97e-05	16.3	0.1	1	1	3.99e-07	3.75e-05	15.4	0.1	24	106	63	149	39	196	0.90
GVMAG-S-1096109-37|1096109_contig_156_24	-	442	OG48359	-	593	3.01e-61	200.9	6.9	1	1	6.63e-63	4.15e-61	200.5	6.9	189	593	45	424	29	425	0.90
GVMAG-S-1096109-37|1096109_contig_1169_5	-	427	OG48359	-	593	3.86e-52	170.9	0.0	1	1	1.92e-53	1.20e-51	169.2	0.0	200	592	55	424	21	426	0.90
GVMAG-S-1096109-37|1096109_contig_802_10	-	250	OG48359	-	593	1.62e+00	0.4	13.8	1	1	3.64e-02	2.28e+00	-0.1	13.8	21	50	146	175	134	234	0.90
GVMAG-S-1096109-37|1096109_contig_460_1	-	582	OG484	-	462	1.51e-209	689.9	3.4	1	2	1.55e-113	2.92e-111	365.8	0.0	3	227	4	236	2	255	0.90
GVMAG-S-1096109-37|1096109_contig_460_1	-	582	OG484	-	462	1.51e-209	689.9	3.4	2	2	1.37e-98	2.58e-96	316.6	1.7	237	463	292	582	273	582	0.90
GVMAG-S-1096109-37|1096109_contig_156_5	-	315	OG4899	-	406	1.75e-18	60.0	8.8	1	2	1.00e-13	1.88e-11	36.9	3.2	66	144	88	166	70	169	0.90
GVMAG-S-1096109-37|1096109_contig_156_5	-	315	OG4899	-	406	1.75e-18	60.0	8.8	2	2	6.16e-10	1.16e-07	24.4	0.9	296	405	170	310	156	312	0.90
GVMAG-S-1096109-37|1096109_contig_156_17	-	363	OG489	-	255	6.32e-31	101.7	3.1	1	1	5.06e-33	9.51e-31	101.1	3.1	2	253	2	312	2	350	0.90
GVMAG-S-1096109-37|1096109_contig_155_4	-	143	OG500	-	171	2.86e-11	37.1	0.3	1	1	3.01e-13	5.66e-11	36.2	0.1	118	171	88	141	66	142	0.90
GVMAG-S-1096109-37|1096109_contig_1169_1	-	342	OG503	-	824	5.90e-13	41.2	7.0	1	2	9.42e-14	5.90e-12	37.9	3.8	138	303	7	158	2	180	0.90
GVMAG-S-1096109-37|1096109_contig_1169_1	-	342	OG503	-	824	5.90e-13	41.2	7.0	2	2	1.52e-02	9.50e-01	0.8	0.1	355	432	173	241	166	257	0.90
GVMAG-S-1096109-37|1096109_contig_156_11	-	116	OG503	-	824	1.93e-12	39.5	5.9	1	1	3.44e-14	2.15e-12	39.3	5.9	604	669	5	78	2	87	0.90
GVMAG-S-1096109-37|1096109_contig_370_5	-	175	OG503	-	824	6.92e-11	34.3	0.4	1	1	1.17e-12	7.30e-11	34.3	0.4	600	650	88	139	45	161	0.90
GVMAG-S-1096109-37|1096109_contig_156_23	-	131	OG5095	-	127	5.69e-08	26.2	0.1	1	1	1.91e-09	7.17e-08	25.9	0.1	18	105	17	105	4	127	0.90
GVMAG-S-1096109-37|1096109_contig_155_16	-	171	OG5095	-	127	2.44e-07	24.1	0.0	1	1	9.04e-09	3.40e-07	23.7	0.0	28	89	85	145	69	153	0.90
GVMAG-S-1096109-37|1096109_contig_153_9	-	184	OG5095	-	127	7.15e-07	22.6	0.1	1	1	2.30e-08	8.64e-07	22.4	0.1	9	112	9	112	2	127	0.90
GVMAG-S-1096109-37|1096109_contig_156_3	-	223	OG5095	-	127	9.15e-05	15.8	0.1	1	1	3.78e-06	1.42e-04	15.2	0.1	35	117	5	82	4	90	0.90
GVMAG-S-1096109-37|1096109_contig_1169_6	-	128	OG5095	-	127	6.73e-04	13.0	0.1	1	1	2.22e-05	8.33e-04	12.7	0.1	21	89	16	83	3	99	0.90
GVMAG-S-1096109-37|1096109_contig_1169_10	-	265	OG5198	-	417	1.23e-28	93.7	6.5	1	2	4.20e-14	3.95e-12	39.3	0.3	182	262	30	111	13	119	0.90
GVMAG-S-1096109-37|1096109_contig_1169_10	-	265	OG5198	-	417	1.23e-28	93.7	6.5	2	2	1.35e-19	1.27e-17	57.4	0.1	264	349	159	245	154	249	0.90
GVMAG-S-1096109-37|1096109_contig_156_19	-	272	OG5198	-	417	8.61e-28	90.9	14.0	1	3	4.20e-14	3.95e-12	39.3	2.2	207	261	60	114	42	120	0.90
GVMAG-S-1096109-37|1096109_contig_156_19	-	272	OG5198	-	417	8.61e-28	90.9	14.0	2	3	1.91e-02	1.79e+00	0.9	0.9	65	103	120	159	116	165	0.90
GVMAG-S-1096109-37|1096109_contig_156_19	-	272	OG5198	-	417	8.61e-28	90.9	14.0	3	3	6.22e-20	5.85e-18	58.5	0.3	264	340	163	243	156	249	0.90
GVMAG-S-1096109-37|1096109_contig_460_2	-	368	OG5208	-	402	1.78e-29	96.6	27.2	1	1	1.87e-31	3.51e-29	95.7	27.2	27	385	5	357	2	363	0.90
GVMAG-S-1096109-37|1096109_contig_155_7	-	224	OG526	-	213	1.69e-74	243.6	9.2	1	1	1.10e-76	2.07e-74	243.3	9.2	3	209	3	221	2	223	0.90
GVMAG-S-1096109-37|1096109_contig_370_5	-	175	OG527	-	132	1.06e-15	51.5	8.1	1	2	4.73e-01	2.96e+01	-1.8	0.0	76	96	36	56	29	79	0.90
GVMAG-S-1096109-37|1096109_contig_370_5	-	175	OG527	-	132	1.06e-15	51.5	8.1	2	2	1.90e-17	1.19e-15	51.3	7.0	5	61	91	149	81	170	0.90
GVMAG-S-1096109-37|1096109_contig_156_11	-	116	OG527	-	132	3.54e-12	40.1	5.7	1	1	7.29e-14	4.57e-12	39.7	5.7	6	80	5	80	2	95	0.90
GVMAG-S-1096109-37|1096109_contig_370_8	-	202	OG527	-	132	6.93e-04	13.2	6.6	1	1	1.66e-05	1.04e-03	12.7	6.6	6	52	3	57	2	81	0.90
GVMAG-S-1096109-37|1096109_contig_1169_10	-	265	OG541	-	255	5.76e-91	297.9	11.9	1	1	6.80e-93	6.40e-91	297.7	11.9	5	256	4	265	2	265	0.90
GVMAG-S-1096109-37|1096109_contig_156_19	-	272	OG541	-	255	4.14e-90	295.0	5.4	1	1	4.84e-92	4.55e-90	294.9	5.4	5	256	8	272	2	272	0.90
GVMAG-S-1096109-37|1096109_contig_153_12	-	331	OG542	-	276	5.79e-108	354.0	8.4	1	1	3.99e-110	7.50e-108	353.6	8.4	2	274	2	273	2	276	0.90
GVMAG-S-1096109-37|1096109_contig_156_26	-	575	OG5658	-	545	1.61e-78	258.2	1.4	1	1	5.53e-80	5.20e-78	256.5	1.4	31	541	39	521	19	525	0.90
GVMAG-S-1096109-37|1096109_contig_1169_3	-	568	OG5658	-	545	9.85e-76	249.0	1.6	1	1	3.80e-77	3.57e-75	247.1	1.6	2	539	2	510	2	516	0.90
GVMAG-S-1096109-37|1096109_contig_460_15	-	142	OG5703	-	127	3.29e-10	33.7	3.3	1	1	2.31e-12	4.34e-10	33.4	3.3	10	125	12	121	5	124	0.90
GVMAG-S-1096109-37|1096109_contig_156_5	-	315	OG581	-	303	2.02e-118	388.6	8.3	1	1	1.24e-120	2.33e-118	388.4	8.3	3	302	6	310	2	312	0.90
GVMAG-S-1096109-37|1096109_contig_153_14	-	227	OG5828	-	433	5.61e+00	-0.8	18.2	1	1	5.15e-02	9.68e+00	-1.6	18.2	104	168	52	114	10	140	0.90
GVMAG-S-1096109-37|1096109_contig_156_14	-	1029	OG5940	-	634	6.69e-22	70.9	0.3	1	2	2.11e-10	3.96e-08	25.4	0.1	42	312	64	373	58	376	0.90
GVMAG-S-1096109-37|1096109_contig_156_14	-	1029	OG5940	-	634	6.69e-22	70.9	0.3	2	2	9.88e-17	1.86e-14	46.3	0.1	322	524	348	564	331	580	0.90
GVMAG-S-1096109-37|1096109_contig_156_14	-	1029	OG5941	-	635	1.10e-22	73.7	0.8	1	3	1.34e-12	2.51e-10	32.9	0.0	35	203	46	227	22	252	0.90
GVMAG-S-1096109-37|1096109_contig_156_14	-	1029	OG5941	-	635	1.10e-22	73.7	0.8	2	3	4.43e-14	8.34e-12	37.8	0.0	364	488	368	495	320	507	0.90
GVMAG-S-1096109-37|1096109_contig_156_14	-	1029	OG5941	-	635	1.10e-22	73.7	0.8	3	3	3.93e-02	7.39e+00	-1.7	0.4	246	284	912	950	900	1005	0.90
GVMAG-S-1096109-37|1096109_contig_153_16	-	1010	OG5942	-	1286	1.23e-66	218.4	0.5	1	1	1.11e-66	6.93e-65	212.6	0.5	4	774	11	863	9	875	0.90
GVMAG-S-1096109-37|1096109_contig_156_24	-	442	OG5942	-	1286	6.26e-17	53.8	4.7	1	1	1.34e-18	8.39e-17	53.3	4.7	897	1259	47	424	42	438	0.90
GVMAG-S-1096109-37|1096109_contig_1169_5	-	427	OG5942	-	1286	2.31e-12	38.6	0.6	1	2	1.80e-08	1.13e-06	19.8	0.0	900	974	49	123	31	131	0.90
GVMAG-S-1096109-37|1096109_contig_1169_5	-	427	OG5942	-	1286	2.31e-12	38.6	0.6	2	2	1.02e-07	6.39e-06	17.3	0.1	1143	1253	305	419	268	424	0.90
GVMAG-S-1096109-37|1096109_contig_575_6	-	493	OG5943	-	1006	3.16e-17	55.0	0.1	1	2	1.06e-08	9.98e-07	20.2	0.0	621	700	14	111	9	122	0.90
GVMAG-S-1096109-37|1096109_contig_575_6	-	493	OG5943	-	1006	3.16e-17	55.0	0.1	2	2	4.29e-12	4.03e-10	31.4	0.0	750	856	124	231	122	258	0.90
GVMAG-S-1096109-37|1096109_contig_575_7	-	576	OG5943	-	1006	6.04e-13	40.8	7.6	1	2	1.32e-06	1.24e-04	13.3	0.1	239	353	275	385	267	403	0.90
GVMAG-S-1096109-37|1096109_contig_575_7	-	576	OG5943	-	1006	6.04e-13	40.8	7.6	2	2	1.47e-11	1.38e-09	29.7	3.3	459	572	422	536	413	540	0.90
GVMAG-S-1096109-37|1096109_contig_155_2	-	259	OG5944	-	278	2.14e-61	201.2	0.0	1	1	1.52e-63	2.86e-61	200.8	0.0	20	237	35	252	28	257	0.90
GVMAG-S-1096109-37|1096109_contig_155_2	-	259	OG5945	-	255	5.93e-10	32.3	0.0	1	1	7.87e-12	7.40e-10	32.0	0.0	21	172	34	182	24	229	0.90
GVMAG-S-1096109-37|1096109_contig_155_22	-	577	OG5945	-	255	2.26e-03	10.8	2.6	1	2	4.91e-04	4.62e-02	6.5	0.1	198	249	24	76	19	82	0.90
GVMAG-S-1096109-37|1096109_contig_155_22	-	577	OG5945	-	255	2.26e-03	10.8	2.6	2	2	3.64e-03	3.42e-01	3.6	0.5	21	49	182	210	167	221	0.90
GVMAG-S-1096109-37|1096109_contig_460_2	-	368	OG5947	-	379	4.09e-28	92.0	8.7	1	1	3.47e-30	6.52e-28	91.4	8.7	57	378	41	366	5	368	0.90
GVMAG-S-1096109-37|1096109_contig_153_15	-	898	OG5952	-	793	1.76e-11	36.4	0.5	1	2	1.77e-02	3.33e+00	-0.9	0.0	64	144	65	147	59	169	0.90
GVMAG-S-1096109-37|1096109_contig_153_15	-	898	OG5952	-	793	1.76e-11	36.4	0.5	2	2	3.75e-13	7.06e-11	34.4	0.2	410	722	521	823	480	838	0.90
GVMAG-S-1096109-37|1096109_contig_155_19	-	131	OG5954	-	97	1.51e-05	18.7	0.0	1	1	2.22e-07	2.09e-05	18.2	0.0	3	52	43	95	42	118	0.90
GVMAG-S-1096109-37|1096109_contig_155_10	-	185	OG5954	-	97	3.83e-05	17.4	0.1	1	1	6.83e-07	6.42e-05	16.7	0.1	2	62	22	85	22	125	0.90
GVMAG-S-1096109-37|1096109_contig_156_6	-	429	OG5958	-	481	3.26e-19	62.4	4.5	1	1	1.36e-20	2.56e-18	59.4	4.5	41	418	45	382	5	389	0.90
GVMAG-S-1096109-37|1096109_contig_155_22	-	577	OG59	-	181	1.35e-33	109.6	2.9	1	1	1.44e-35	2.71e-33	108.6	2.9	4	158	4	159	2	186	0.90
GVMAG-S-1096109-37|1096109_contig_1116_2	-	191	OG6024	-	175	8.58e-06	19.4	1.2	1	1	7.08e-08	1.33e-05	18.8	1.2	17	162	3	157	2	164	0.90
GVMAG-S-1096109-37|1096109_contig_153_12	-	331	OG6034	-	272	1.08e-14	48.1	5.9	1	1	8.34e-17	1.57e-14	47.6	5.9	15	244	58	287	50	321	0.90
GVMAG-S-1096109-37|1096109_contig_155_7	-	224	OG6099	-	153	1.25e-05	18.8	2.6	1	3	3.30e-06	6.21e-04	13.2	0.0	4	35	5	36	3	66	0.90
GVMAG-S-1096109-37|1096109_contig_155_7	-	224	OG6099	-	153	1.25e-05	18.8	2.6	2	3	1.55e-02	2.92e+00	1.3	0.0	51	63	96	108	80	119	0.90
GVMAG-S-1096109-37|1096109_contig_155_7	-	224	OG6099	-	153	1.25e-05	18.8	2.6	3	3	6.05e-03	1.14e+00	2.7	0.3	96	137	177	215	149	223	0.90
GVMAG-S-1096109-37|1096109_contig_1116_16	-	103	OG6258	-	148	1.53e-06	22.1	0.6	1	1	8.89e-09	1.67e-06	22.0	0.6	85	144	45	100	15	102	0.90
GVMAG-S-1096109-37|1096109_contig_155_9	-	340	OG6558	-	340	4.42e-09	29.5	1.4	1	1	3.63e-11	6.82e-09	28.9	1.4	15	62	5	54	3	138	0.90
GVMAG-S-1096109-37|1096109_contig_155_4	-	143	OG6561	-	196	1.86e-09	31.0	0.2	1	1	1.57e-11	2.95e-09	30.4	0.1	136	195	82	141	65	143	0.90
GVMAG-S-1096109-37|1096109_contig_155_23	-	322	OG658	-	280	1.54e-99	326.1	0.4	1	1	9.76e-102	1.83e-99	325.8	0.4	19	280	29	315	8	321	0.90
GVMAG-S-1096109-37|1096109_contig_802_10	-	250	OG6684	-	774	2.85e+00	-0.5	17.1	1	1	2.37e-02	4.46e+00	-1.1	17.1	385	424	140	176	132	190	0.90
GVMAG-S-1096109-37|1096109_contig_153_14	-	227	OG6872	-	293	1.38e+00	1.9	32.0	1	1	2.13e-02	2.00e+00	1.4	32.0	166	258	15	121	10	134	0.90
GVMAG-S-1096109-37|1096109_contig_153_16	-	1010	OG6872	-	293	5.15e+00	0.0	28.0	1	2	8.28e-01	7.79e+01	-3.8	0.7	125	165	122	164	104	183	0.90
GVMAG-S-1096109-37|1096109_contig_153_16	-	1010	OG6872	-	293	5.15e+00	0.0	28.0	2	2	1.08e-03	1.02e-01	5.6	20.7	171	257	921	1001	882	1009	0.90
GVMAG-S-1096109-37|1096109_contig_155_4	-	143	OG6948	-	200	7.71e-09	28.9	3.8	1	2	1.05e-03	1.97e-01	4.7	0.5	13	60	4	57	2	70	0.90
GVMAG-S-1096109-37|1096109_contig_155_4	-	143	OG6948	-	200	7.71e-09	28.9	3.8	2	2	3.51e-10	6.60e-08	25.9	0.2	149	188	102	141	73	143	0.90
GVMAG-S-1096109-37|1096109_contig_370_5	-	175	OG7065	-	186	1.19e-02	8.9	4.3	1	1	9.50e-05	1.79e-02	8.3	4.3	50	89	83	123	33	139	0.90
GVMAG-S-1096109-37|1096109_contig_153_14	-	227	OG7235	-	347	1.66e-01	4.6	34.9	1	1	1.25e-03	2.34e-01	4.1	34.9	21	140	19	125	3	140	0.90
GVMAG-S-1096109-37|1096109_contig_155_4	-	143	OG742	-	140	9.15e-41	133.1	4.1	1	1	5.31e-43	9.99e-41	133.0	4.1	5	139	4	142	2	143	0.90
GVMAG-S-1096109-37|1096109_contig_156_18	-	537	OG762	-	455	2.93e-147	485.0	10.5	1	1	5.29e-149	3.32e-147	484.9	10.5	3	455	5	531	2	532	0.90
GVMAG-S-1096109-37|1096109_contig_1169_11	-	431	OG762	-	455	8.61e-113	371.4	1.3	1	1	1.56e-114	9.79e-113	371.2	1.3	2	360	2	432	2	432	0.90
GVMAG-S-1096109-37|1096109_contig_575_5	-	249	OG762	-	455	1.53e-12	41.0	0.5	1	1	2.88e-14	1.80e-12	40.7	0.5	305	429	106	238	34	246	0.90
GVMAG-S-1096109-37|1096109_contig_153_10	-	101	OG769	-	108	7.32e-30	96.9	1.3	1	1	4.26e-32	8.01e-30	96.8	1.3	3	97	4	97	3	101	0.90
GVMAG-S-1096109-37|1096109_contig_460_1	-	582	OG771	-	369	1.74e-21	70.1	0.1	1	5	9.30e-06	1.75e-03	10.8	0.0	4	84	13	97	11	113	0.90
GVMAG-S-1096109-37|1096109_contig_460_1	-	582	OG771	-	369	1.74e-21	70.1	0.1	2	5	3.99e-06	7.50e-04	12.0	0.0	152	184	187	219	165	224	0.90
GVMAG-S-1096109-37|1096109_contig_460_1	-	582	OG771	-	369	1.74e-21	70.1	0.1	3	5	1.01e-09	1.90e-07	23.9	0.0	190	269	300	385	292	394	0.90
GVMAG-S-1096109-37|1096109_contig_460_1	-	582	OG771	-	369	1.74e-21	70.1	0.1	4	5	3.66e-07	6.87e-05	15.4	0.0	266	341	414	485	397	494	0.90
GVMAG-S-1096109-37|1096109_contig_460_1	-	582	OG771	-	369	1.74e-21	70.1	0.1	5	5	1.19e-02	2.23e+00	0.6	0.2	346	365	559	578	518	580	0.90
GVMAG-S-1096109-37|1096109_contig_156_13	-	210	OG774	-	170	1.30e-63	207.7	2.4	1	2	6.99e-66	1.31e-63	207.7	1.0	4	157	2	157	2	170	0.90
GVMAG-S-1096109-37|1096109_contig_156_13	-	210	OG774	-	170	1.30e-63	207.7	2.4	2	2	7.09e-02	1.33e+01	-0.6	0.0	145	170	185	210	155	210	0.90
GVMAG-S-1096109-37|1096109_contig_575_9	-	212	OG800	-	170	3.21e-28	92.1	0.0	1	2	1.26e-03	2.38e-01	4.7	0.0	4	24	3	23	2	44	0.90
GVMAG-S-1096109-37|1096109_contig_575_9	-	212	OG800	-	170	3.21e-28	92.1	0.0	2	2	1.61e-28	3.03e-26	85.7	0.0	50	170	78	206	73	207	0.90
GVMAG-S-1096109-37|1096109_contig_370_5	-	175	OG8381	-	191	9.21e-15	48.4	1.7	1	1	1.21e-16	1.14e-14	48.1	1.7	134	186	85	136	35	140	0.90
GVMAG-S-1096109-37|1096109_contig_156_11	-	116	OG8381	-	191	1.88e-08	27.8	8.5	1	1	2.00e-10	1.88e-08	27.8	8.5	141	189	5	55	2	58	0.90
GVMAG-S-1096109-37|1096109_contig_155_18	-	1202	OG875	-	455	6.09e-96	315.5	16.7	1	6	5.76e-17	5.41e-15	48.6	0.1	2	59	2	60	2	93	0.90
GVMAG-S-1096109-37|1096109_contig_155_18	-	1202	OG875	-	455	6.09e-96	315.5	16.7	2	6	1.16e-02	1.09e+00	1.5	0.0	52	105	152	205	135	214	0.90
GVMAG-S-1096109-37|1096109_contig_155_18	-	1202	OG875	-	455	6.09e-96	315.5	16.7	3	6	2.64e-03	2.48e-01	3.6	0.0	248	304	312	380	283	384	0.90
GVMAG-S-1096109-37|1096109_contig_155_18	-	1202	OG875	-	455	6.09e-96	315.5	16.7	4	6	2.73e-05	2.57e-03	10.1	0.1	156	205	391	449	384	471	0.90
GVMAG-S-1096109-37|1096109_contig_155_18	-	1202	OG875	-	455	6.09e-96	315.5	16.7	5	6	1.31e-01	1.23e+01	-2.0	0.1	215	302	760	858	746	859	0.90
GVMAG-S-1096109-37|1096109_contig_155_18	-	1202	OG875	-	455	6.09e-96	315.5	16.7	6	6	1.46e-79	1.38e-77	255.0	4.8	273	456	1019	1201	982	1201	0.90
GVMAG-S-1096109-37|1096109_contig_155_15	-	953	OG875	-	455	1.11e-89	294.8	21.9	1	3	1.32e-12	1.24e-10	34.2	0.0	3	56	13	67	12	80	0.90
GVMAG-S-1096109-37|1096109_contig_155_15	-	953	OG875	-	455	1.11e-89	294.8	21.9	2	3	2.62e-11	2.47e-09	30.0	1.4	109	273	326	524	312	532	0.90
GVMAG-S-1096109-37|1096109_contig_155_15	-	953	OG875	-	455	1.11e-89	294.8	21.9	3	3	1.01e-73	9.46e-72	235.7	10.7	288	456	783	952	714	952	0.90
GVMAG-S-1096109-37|1096109_contig_156_20	-	166	OG884	-	118	1.45e-35	115.8	1.8	1	1	1.87e-37	1.76e-35	115.6	1.8	6	117	44	156	14	158	0.90
GVMAG-S-1096109-37|1096109_contig_1169_9	-	156	OG884	-	118	6.61e-32	104.0	0.0	1	1	8.13e-34	7.64e-32	103.8	0.0	8	106	30	129	9	141	0.90
GVMAG-S-1096109-37|1096109_contig_1116_2	-	191	OG901	-	237	6.55e-22	71.7	8.4	1	1	6.91e-24	1.30e-21	70.7	8.4	2	185	2	181	2	183	0.90
GVMAG-S-1096109-37|1096109_contig_575_5	-	249	OG920	-	220	3.84e-67	219.8	0.4	1	1	4.44e-69	4.17e-67	219.7	0.4	5	212	10	247	2	249	0.90
GVMAG-S-1096109-37|1096109_contig_156_18	-	537	OG920	-	220	2.87e-19	63.3	12.3	1	3	3.94e-01	3.70e+01	-2.5	0.5	29	66	123	157	84	168	0.90
GVMAG-S-1096109-37|1096109_contig_156_18	-	537	OG920	-	220	2.87e-19	63.3	12.3	2	3	3.47e-01	3.27e+01	-2.3	0.0	47	70	249	270	214	302	0.90
GVMAG-S-1096109-37|1096109_contig_156_18	-	537	OG920	-	220	2.87e-19	63.3	12.3	3	3	3.05e-21	2.87e-19	63.3	12.3	13	210	316	512	281	522	0.90
GVMAG-S-1096109-37|1096109_contig_155_8	-	324	OG9378	-	163	2.22e-06	20.8	0.0	1	1	1.83e-08	3.44e-06	20.2	0.0	30	139	19	136	5	151	0.90
GVMAG-S-1096109-37|1096109_contig_802_10	-	1000	OG9514	-	199	8.25e-01	3.1	14.2	1	2	3.05e-01	5.72e+01	-2.9	0.1	2	200	15	67	15	67	0.90
GVMAG-S-1096109-37|1096109_contig_802_10	-	250	OG9514	-	199	8.25e-01	3.1	14.2	2	2	4.10e-04	7.71e-02	6.4	9.7	73	107	141	174	130	226	0.90
GVMAG-S-1096109-37|1096109_contig_153_2	-	119	OG955	-	117	9.96e-34	109.6	16.2	1	1	5.78e-36	1.09e-33	109.4	16.2	2	117	2	118	2	119	0.90
GVMAG-S-1096109-37|1096109_contig_155_8	-	324	OG960	-	152	5.12e-07	23.1	0.0	1	1	4.53e-09	8.51e-07	22.4	0.0	16	126	18	137	6	148	0.90
GVMAG-S-1096109-37|1096109_contig_156_3	-	223	OG965	-	191	1.89e-45	149.1	4.0	1	1	2.33e-47	2.19e-45	148.9	4.0	6	190	3	212	2	214	0.90
GVMAG-S-1096109-37|1096109_contig_153_9	-	184	OG965	-	191	8.50e-09	29.5	0.1	1	1	1.15e-10	1.09e-08	29.2	0.1	7	119	34	152	30	178	0.90
GVMAG-S-1096109-37|1096109_contig_460_9	-	474	OG975	-	437	1.20e-136	449.5	2.1	1	1	1.71e-138	1.61e-136	449.1	2.1	3	434	6	468	5	472	0.90
GVMAG-S-1096109-37|1096109_contig_156_7	-	531	OG975	-	437	1.25e-21	70.5	4.5	1	3	1.77e-08	1.66e-06	20.6	0.0	57	87	73	103	33	130	0.90
GVMAG-S-1096109-37|1096109_contig_156_7	-	531	OG975	-	437	1.25e-21	70.5	4.5	2	3	2.46e-02	2.31e+00	0.4	0.0	222	249	266	293	254	299	0.90
GVMAG-S-1096109-37|1096109_contig_156_7	-	531	OG975	-	437	1.25e-21	70.5	4.5	3	3	1.89e-16	1.78e-14	46.9	2.5	256	306	328	383	322	388	0.90
GVMAG-S-1096109-37|1096109_contig_155_22	-	577	OG9	-	387	1.09e-03	11.2	0.6	1	2	5.67e-05	1.07e-02	8.0	0.1	38	69	168	197	160	218	0.90
GVMAG-S-1096109-37|1096109_contig_155_22	-	577	OG9	-	387	1.09e-03	11.2	0.6	2	2	6.02e-03	1.13e+00	1.3	0.1	139	185	239	287	201	292	0.90
